2022-11-23 11:45:40 INFO turkey_bowl.cli -

--------------------------- 2022 Turkey Bowl ---------------------------
turkey-bowl version: 2022.1

2022-11-23 11:45:53 INFO turkey_bowl.draft - Drafting in slot 1...
2022-11-23 11:45:56 INFO turkey_bowl.draft - yeager

2022-11-23 11:45:56 INFO turkey_bowl.draft - Drafting in slot 2...
2022-11-23 11:45:59 INFO turkey_bowl.draft - cindy

2022-11-23 11:45:59 INFO turkey_bowl.draft - Drafting in slot 3...
2022-11-23 11:46:02 INFO turkey_bowl.draft - logan

2022-11-23 11:46:02 INFO turkey_bowl.draft - Drafting in slot 4...
2022-11-23 11:46:05 INFO turkey_bowl.draft - dodd

2022-11-23 11:46:05 INFO turkey_bowl.draft - Drafting in slot 5...
2022-11-23 11:46:08 INFO turkey_bowl.draft - becca

2022-11-23 11:46:08 INFO turkey_bowl.draft - Draft Order: ['yeager', 'cindy', 'logan', 'dodd', 'becca']
2022-11-23 11:46:08 INFO turkey_bowl.draft - Saved draft order to /Users/logan/Desktop/repos/turkey-bowl/archive/2022/2022_draft_order.json
2022-11-23 12:35:11 INFO turkey_bowl.cli -

------------------- Scraping Player Projected Points -------------------

2022-11-23 12:35:11 INFO turkey_bowl.scrape - Collecting projected player points...
2022-11-23 12:35:12 INFO turkey_bowl.scrape - Successful API response obtained for: https://api.fantasy.nfl.com/v2/players/weekprojectedstats?season=2022&week=12
2022-11-23 12:39:26 INFO turkey_bowl.aggregate - All player ids in pulled player points exist in player_ids.json
2022-11-23 12:39:26 INFO turkey_bowl.aggregate - Writing projected player stats to /Users/logan/Desktop/repos/turkey-bowl/archive/2022/2022_12_projected_player_pts.csv...
2022-11-23 12:39:47 INFO turkey_bowl.cli -

-------------------- Scraping Player Actual Points ---------------------

2022-11-23 12:39:48 INFO turkey_bowl.scrape - Collecting actual player points...
2022-11-23 12:39:48 INFO turkey_bowl.scrape - Successful API response obtained for: https://api.fantasy.nfl.com/v2/players/weekstats?season=2022&week=12
2022-11-23 12:39:48 INFO turkey_bowl.aggregate - WARNING: Yeager has players with NaN values: ['Jannu Smith']
2022-11-23 12:39:48 INFO turkey_bowl.aggregate - WARNING: Cindy has players with NaN values: ['Ezekiel Elliot']
2022-11-23 12:39:48 INFO turkey_bowl.aggregate - WARNING: Logan has players with NaN values: ['Kenny Galladay']
2022-11-23 12:39:48 INFO turkey_bowl.aggregate - WARNING: Becca has players with NaN values: ['D.J. Chark Jr.']
2022-11-23 12:39:48 INFO turkey_bowl.aggregate - Writing robust player points summary to /Users/logan/Desktop/repos/turkey-bowl/archive/2022/2022_12_robust_participant_player_pts.xlsx...
2022-11-23 12:39:48 INFO turkey_bowl.leader_board -

### YEAGER stats ###
              Position               Player Team  ACTUAL_pts  PROJ_pts
0                   QB           Jared Goff  DET         0.0     15.44
1                 RB_1  Rhamondre Stevenson   NE         0.0     16.65
2                 RB_2     Devin Singletary  BUF         0.0     14.55
3                 WR_1     Justin Jefferson  MIN         0.0     16.71
4                 WR_2    Amon-Ra St. Brown  DET         0.0     15.52
5                   TE          Jannu Smith   NE         NaN       NaN
6      Flex (RB/WR/TE)       Darius Slayton  NYG         0.0     11.39
7                    K          Brett Maher  DAL         0.0      7.54
8  Defense (Team Name)    Minnesota Vikings  MIN         0.0      6.60
9     Bench (RB/WR/TE)        Kalif Raymond  DET         0.0      7.85

2022-11-23 12:39:48 INFO turkey_bowl.leader_board -

### CINDY stats ###
              Position           Player Team  ACTUAL_pts  PROJ_pts
0                   QB       Josh Allen  BUF         0.0     25.59
1                 RB_1  Jamaal Williams  DET         0.0     11.31
2                 RB_2   Ezekiel Elliot  DAL         NaN       NaN
3                 WR_1       Gabe Davis  BUF         0.0     12.72
4                 WR_2    Jakobi Meyers   NE         0.0     13.88
5                   TE     Hunter Henry   NE         0.0      6.58
6      Flex (RB/WR/TE)       Noah Brown  DAL         0.0      7.08
7                    K       Tyler Bass  BUF         0.0      6.00
8  Defense (Team Name)  New York Giants  NYG         0.0      5.76
9     Bench (RB/WR/TE)   Justin Jackson  DET         0.0      3.98

2022-11-23 12:39:48 INFO turkey_bowl.leader_board -

### LOGAN stats ###
              Position          Player Team  ACTUAL_pts  PROJ_pts
0                   QB    Kirk Cousins  MIN         0.0     15.91
1                 RB_1     Dalvin Cook  MIN         0.0     14.16
2                 RB_2   D'Andre Swift  DET         0.0      8.98
3                 WR_1  Michael Gallup  DAL         0.0      9.53
4                 WR_2  DeVante Parker   NE         0.0      5.89
5                   TE  Dalton Schultz  DAL         0.0      9.62
6      Flex (RB/WR/TE)  Kenny Galladay  NYG         NaN       NaN
7                    K       Nick Folk   NE         0.0      5.83
8  Defense (Team Name)   Buffalo Bills  BUF         0.0      6.64
9     Bench (RB/WR/TE)    Nyheim Hines  BUF         0.0      3.80

2022-11-23 12:39:48 INFO turkey_bowl.leader_board -

### DODD stats ###
              Position           Player Team  ACTUAL_pts  PROJ_pts
0                   QB     Dak Prescott  DAL         0.0     19.61
1                 RB_1     Tony Pollard  DAL         0.0     17.10
2                 RB_2       James Cook  BUF         0.0      6.84
3                 WR_1      CeeDee Lamb  DAL         0.0     16.55
4                 WR_2  Isaiah McKenzie  BUF         0.0      8.15
5                   TE   T.J. Hockenson  MIN         0.0     11.49
6      Flex (RB/WR/TE)      Matt Breida  NYG         0.0      3.92
7                    K      Graham Gano  NYG         0.0      6.01
8  Defense (Team Name)   Dallas Cowboys  DAL         0.0      7.36
9     Bench (RB/WR/TE)      K.J. Osborn  MIN         0.0      6.00

2022-11-23 12:39:48 INFO turkey_bowl.leader_board -

### BECCA stats ###
              Position                Player Team  ACTUAL_pts  PROJ_pts
0                   QB          Daniel Jones  NYG         0.0     16.08
1                 RB_1        Saquon Barkley  NYG         0.0     16.07
2                 RB_2         Damien Harris   NE         0.0      9.22
3                 WR_1          Stefon Diggs  BUF         0.0     19.90
4                 WR_2          Adam Thielen  MIN         0.0      9.84
5                   TE           Dawson Knox  BUF         0.0      8.92
6      Flex (RB/WR/TE)        D.J. Chark Jr.  DET         NaN       NaN
7                    K           Greg Joseph  MIN         0.0      6.93
8  Defense (Team Name)  New England Patriots   NE         0.0      6.68
9     Bench (RB/WR/TE)       Kendrick Bourne   NE         0.0      3.27

2022-11-23 12:39:48 INFO turkey_bowl.leader_board - Yeager winning with 0.0 pts
        PTS  margin  pts_back
Yeager  0.0     0.0       0.0
Cindy   0.0     0.0       0.0
Logan   0.0     0.0       0.0
Dodd    0.0     0.0       0.0
Becca   0.0     NaN       0.0

2022-11-23 12:39:48 INFO turkey_bowl.leader_board - Saving LeaderBoard to /Users/logan/Desktop/repos/turkey-bowl/archive/2022/2022_leader_board.xlsx...
2022-11-23 12:42:32 INFO turkey_bowl.cli -

-------------------- Scraping Player Actual Points ---------------------

2022-11-23 12:42:33 INFO turkey_bowl.scrape - Collecting actual player points...
2022-11-23 12:42:33 INFO turkey_bowl.scrape - Successful API response obtained for: https://api.fantasy.nfl.com/v2/players/weekstats?season=2022&week=12
2022-11-23 12:42:33 INFO turkey_bowl.aggregate - Writing robust player points summary to /Users/logan/Desktop/repos/turkey-bowl/archive/2022/2022_12_robust_participant_player_pts.xlsx...
2022-11-23 12:42:33 INFO turkey_bowl.leader_board -

### YEAGER stats ###
              Position               Player Team  ACTUAL_pts  PROJ_pts
0                   QB           Jared Goff  DET         0.0     15.44
1                 RB_1  Rhamondre Stevenson   NE         0.0     16.65
2                 RB_2     Devin Singletary  BUF         0.0     14.55
3                 WR_1     Justin Jefferson  MIN         0.0     16.71
4                 WR_2    Amon-Ra St. Brown  DET         0.0     15.52
5                   TE          Jonnu Smith   NE         0.0      4.91
6      Flex (RB/WR/TE)       Darius Slayton  NYG         0.0     11.39
7                    K          Brett Maher  DAL         0.0      7.54
8  Defense (Team Name)    Minnesota Vikings  MIN         0.0      6.60
9     Bench (RB/WR/TE)        Kalif Raymond  DET         0.0      7.85

2022-11-23 12:42:33 INFO turkey_bowl.leader_board -

### CINDY stats ###
              Position           Player Team  ACTUAL_pts  PROJ_pts
0                   QB       Josh Allen  BUF         0.0     25.59
1                 RB_1  Jamaal Williams  DET         0.0     11.31
2                 RB_2  Ezekiel Elliott  DAL         0.0      5.98
3                 WR_1       Gabe Davis  BUF         0.0     12.72
4                 WR_2    Jakobi Meyers   NE         0.0     13.88
5                   TE     Hunter Henry   NE         0.0      6.58
6      Flex (RB/WR/TE)       Noah Brown  DAL         0.0      7.08
7                    K       Tyler Bass  BUF         0.0      6.00
8  Defense (Team Name)  New York Giants  NYG         0.0      5.76
9     Bench (RB/WR/TE)   Justin Jackson  DET         0.0      3.98

2022-11-23 12:42:33 INFO turkey_bowl.leader_board -

### LOGAN stats ###
              Position          Player Team  ACTUAL_pts  PROJ_pts
0                   QB    Kirk Cousins  MIN         0.0     15.91
1                 RB_1     Dalvin Cook  MIN         0.0     14.16
2                 RB_2   D'Andre Swift  DET         0.0      8.98
3                 WR_1  Michael Gallup  DAL         0.0      9.53
4                 WR_2  DeVante Parker   NE         0.0      5.89
5                   TE  Dalton Schultz  DAL         0.0      9.62
6      Flex (RB/WR/TE)  Kenny Golladay  NYG         0.0      5.55
7                    K       Nick Folk   NE         0.0      5.83
8  Defense (Team Name)   Buffalo Bills  BUF         0.0      6.64
9     Bench (RB/WR/TE)    Nyheim Hines  BUF         0.0      3.80

2022-11-23 12:42:33 INFO turkey_bowl.leader_board -

### DODD stats ###
              Position           Player Team  ACTUAL_pts  PROJ_pts
0                   QB     Dak Prescott  DAL         0.0     19.61
1                 RB_1     Tony Pollard  DAL         0.0     17.10
2                 RB_2       James Cook  BUF         0.0      6.84
3                 WR_1      CeeDee Lamb  DAL         0.0     16.55
4                 WR_2  Isaiah McKenzie  BUF         0.0      8.15
5                   TE   T.J. Hockenson  MIN         0.0     11.49
6      Flex (RB/WR/TE)      Matt Breida  NYG         0.0      3.92
7                    K      Graham Gano  NYG         0.0      6.01
8  Defense (Team Name)   Dallas Cowboys  DAL         0.0      7.36
9     Bench (RB/WR/TE)      K.J. Osborn  MIN         0.0      6.00

2022-11-23 12:42:33 INFO turkey_bowl.leader_board -

### BECCA stats ###
              Position                Player Team  ACTUAL_pts  PROJ_pts
0                   QB          Daniel Jones  NYG         0.0     16.08
1                 RB_1        Saquon Barkley  NYG         0.0     16.07
2                 RB_2         Damien Harris   NE         0.0      9.22
3                 WR_1          Stefon Diggs  BUF         0.0     19.90
4                 WR_2          Adam Thielen  MIN         0.0      9.84
5                   TE           Dawson Knox  BUF         0.0      8.92
6      Flex (RB/WR/TE)            D.J. Chark  DET         0.0      8.03
7                    K           Greg Joseph  MIN         0.0      6.93
8  Defense (Team Name)  New England Patriots   NE         0.0      6.68
9     Bench (RB/WR/TE)       Kendrick Bourne   NE         0.0      3.27

2022-11-23 12:42:33 INFO turkey_bowl.leader_board - Yeager winning with 0.0 pts
        PTS  margin  pts_back
Yeager  0.0     0.0       0.0
Cindy   0.0     0.0       0.0
Logan   0.0     0.0       0.0
Dodd    0.0     0.0       0.0
Becca   0.0     NaN       0.0

2022-11-23 12:42:33 INFO turkey_bowl.leader_board - Saving LeaderBoard to /Users/logan/Desktop/repos/turkey-bowl/archive/2022/2022_leader_board.xlsx...
2022-11-24 10:21:50 INFO turkey_bowl.cli -

-------------------- Scraping Player Actual Points ---------------------

2022-11-24 10:21:51 INFO turkey_bowl.scrape - Collecting actual player points...
2022-11-24 10:21:51 INFO turkey_bowl.scrape - Successful API response obtained for: https://api.fantasy.nfl.com/v2/players/weekstats?season=2022&week=12
2022-11-24 10:21:51 INFO turkey_bowl.aggregate - Writing robust player points summary to /Users/logan/Desktop/repos/turkey-bowl/archive/2022/2022_12_robust_participant_player_pts.xlsx...
2022-11-24 10:21:51 INFO turkey_bowl.leader_board -

### YEAGER stats ###
              Position               Player Team  ACTUAL_pts  PROJ_pts
0                   QB           Jared Goff  DET         0.0     15.44
1                 RB_1  Rhamondre Stevenson   NE         0.0     16.65
2                 RB_2     Devin Singletary  BUF         0.0     14.55
3                 WR_1     Justin Jefferson  MIN         0.0     16.71
4                 WR_2    Amon-Ra St. Brown  DET         0.0     15.52
5                   TE          Jonnu Smith   NE         0.0      4.91
6      Flex (RB/WR/TE)       Darius Slayton  NYG         0.0     11.39
7                    K          Brett Maher  DAL         0.0      7.54
8  Defense (Team Name)    Minnesota Vikings  MIN         0.0      6.60
9     Bench (RB/WR/TE)        Kalif Raymond  DET         0.0      7.85

2022-11-24 10:21:51 INFO turkey_bowl.leader_board -

### CINDY stats ###
              Position           Player Team  ACTUAL_pts  PROJ_pts
0                   QB       Josh Allen  BUF         0.0     25.59
1                 RB_1  Jamaal Williams  DET         0.0     11.31
2                 RB_2  Ezekiel Elliott  DAL         0.0      5.98
3                 WR_1       Gabe Davis  BUF         0.0     12.72
4                 WR_2    Jakobi Meyers   NE         0.0     13.88
5                   TE     Hunter Henry   NE         0.0      6.58
6      Flex (RB/WR/TE)       Noah Brown  DAL         0.0      7.08
7                    K       Tyler Bass  BUF         0.0      6.00
8  Defense (Team Name)  New York Giants  NYG         0.0      5.76
9     Bench (RB/WR/TE)   Justin Jackson  DET         0.0      3.98

2022-11-24 10:21:51 INFO turkey_bowl.leader_board -

### LOGAN stats ###
              Position          Player Team  ACTUAL_pts  PROJ_pts
0                   QB    Kirk Cousins  MIN         0.0     15.91
1                 RB_1     Dalvin Cook  MIN         0.0     14.16
2                 RB_2   D'Andre Swift  DET         0.0      8.98
3                 WR_1  Michael Gallup  DAL         0.0      9.53
4                 WR_2  DeVante Parker   NE         0.0      5.89
5                   TE  Dalton Schultz  DAL         0.0      9.62
6      Flex (RB/WR/TE)  Kenny Golladay  NYG         0.0      5.55
7                    K       Nick Folk   NE         0.0      5.83
8  Defense (Team Name)   Buffalo Bills  BUF         0.0      6.64
9     Bench (RB/WR/TE)    Nyheim Hines  BUF         0.0      3.80

2022-11-24 10:21:51 INFO turkey_bowl.leader_board -

### DODD stats ###
              Position           Player Team  ACTUAL_pts  PROJ_pts
0                   QB     Dak Prescott  DAL         0.0     19.61
1                 RB_1     Tony Pollard  DAL         0.0     17.10
2                 RB_2       James Cook  BUF         0.0      6.84
3                 WR_1      CeeDee Lamb  DAL         0.0     16.55
4                 WR_2  Isaiah McKenzie  BUF         0.0      8.15
5                   TE   T.J. Hockenson  MIN         0.0     11.49
6      Flex (RB/WR/TE)      Matt Breida  NYG         0.0      3.92
7                    K      Graham Gano  NYG         0.0      6.01
8  Defense (Team Name)   Dallas Cowboys  DAL         0.0      7.36
9     Bench (RB/WR/TE)      K.J. Osborn  MIN         0.0      6.00

2022-11-24 10:21:51 INFO turkey_bowl.leader_board -

### BECCA stats ###
              Position                Player Team  ACTUAL_pts  PROJ_pts
0                   QB          Daniel Jones  NYG         0.0     16.08
1                 RB_1        Saquon Barkley  NYG         0.0     16.07
2                 RB_2         Damien Harris   NE         0.0      9.22
3                 WR_1          Stefon Diggs  BUF         0.0     19.90
4                 WR_2          Adam Thielen  MIN         0.0      9.84
5                   TE           Dawson Knox  BUF         0.0      8.92
6      Flex (RB/WR/TE)            D.J. Chark  DET         0.0      8.03
7                    K           Greg Joseph  MIN         0.0      6.93
8  Defense (Team Name)  New England Patriots   NE         0.0      6.68
9     Bench (RB/WR/TE)       Kendrick Bourne   NE         0.0      3.27

2022-11-24 10:21:51 INFO turkey_bowl.leader_board - Yeager winning with 0.0 pts
        PTS  margin  pts_back
Yeager  0.0     0.0       0.0
Cindy   0.0     0.0       0.0
Logan   0.0     0.0       0.0
Dodd    0.0     0.0       0.0
Becca   0.0     NaN       0.0

2022-11-24 10:21:51 INFO turkey_bowl.leader_board - Saving LeaderBoard to /Users/logan/Desktop/repos/turkey-bowl/archive/2022/2022_leader_board.xlsx...
2022-11-24 12:17:50 INFO turkey_bowl.cli -

-------------------- Scraping Player Actual Points ---------------------

2022-11-24 12:17:50 INFO turkey_bowl.scrape - Collecting actual player points...
2022-11-24 12:17:50 INFO turkey_bowl.scrape - Successful API response obtained for: https://api.fantasy.nfl.com/v2/players/weekstats?season=2022&week=12
2022-11-24 12:17:50 INFO turkey_bowl.aggregate - Undocumented player 2555171: Tyler Matakevich
2022-11-24 12:17:51 INFO turkey_bowl.aggregate - Undocumented player 2567544: James Houston
2022-11-24 12:17:51 INFO turkey_bowl.aggregate - Undocumented player 2561536: Mike Love
2022-11-24 12:17:51 INFO turkey_bowl.aggregate - Writing robust player points summary to /Users/logan/Desktop/repos/turkey-bowl/archive/2022/2022_12_robust_participant_player_pts.xlsx...
2022-11-24 12:17:51 INFO turkey_bowl.leader_board -

### YEAGER stats ###
              Position               Player Team  ACTUAL_pts  PROJ_pts
0                   QB           Jared Goff  DET        2.76     15.44
1                 RB_1  Rhamondre Stevenson   NE         NaN     16.65
2                 RB_2     Devin Singletary  BUF        2.50     14.55
3                 WR_1     Justin Jefferson  MIN         NaN     16.71
4                 WR_2    Amon-Ra St. Brown  DET        6.30     15.52
5                   TE          Jonnu Smith   NE         NaN      4.91
6      Flex (RB/WR/TE)       Darius Slayton  NYG         NaN     11.39
7                    K          Brett Maher  DAL         NaN      7.54
8  Defense (Team Name)    Minnesota Vikings  MIN         NaN      6.60
9     Bench (RB/WR/TE)        Kalif Raymond  DET        1.60      7.85

2022-11-24 12:17:51 INFO turkey_bowl.leader_board -

### CINDY stats ###
              Position           Player Team  ACTUAL_pts  PROJ_pts
0                   QB       Josh Allen  BUF        7.82     25.59
1                 RB_1  Jamaal Williams  DET        5.70     11.31
2                 RB_2  Ezekiel Elliott  DAL         NaN      5.98
3                 WR_1       Gabe Davis  BUF        2.60     12.72
4                 WR_2    Jakobi Meyers   NE         NaN     13.88
5                   TE     Hunter Henry   NE         NaN      6.58
6      Flex (RB/WR/TE)       Noah Brown  DAL         NaN      7.08
7                    K       Tyler Bass  BUF        1.00      6.00
8  Defense (Team Name)  New York Giants  NYG         NaN      5.76
9     Bench (RB/WR/TE)   Justin Jackson  DET        2.70      3.98

2022-11-24 12:17:51 INFO turkey_bowl.leader_board -

### LOGAN stats ###
              Position          Player Team  ACTUAL_pts  PROJ_pts
0                   QB    Kirk Cousins  MIN         NaN     15.91
1                 RB_1     Dalvin Cook  MIN         NaN     14.16
2                 RB_2   D'Andre Swift  DET         0.2      8.98
3                 WR_1  Michael Gallup  DAL         NaN      9.53
4                 WR_2  DeVante Parker   NE         NaN      5.89
5                   TE  Dalton Schultz  DAL         NaN      9.62
6      Flex (RB/WR/TE)  Kenny Golladay  NYG         NaN      5.55
7                    K       Nick Folk   NE         NaN      5.83
8  Defense (Team Name)   Buffalo Bills  BUF         7.0      6.64
9     Bench (RB/WR/TE)    Nyheim Hines  BUF         0.3      3.80

2022-11-24 12:17:51 INFO turkey_bowl.leader_board -

### DODD stats ###
              Position           Player Team  ACTUAL_pts  PROJ_pts
0                   QB     Dak Prescott  DAL         NaN     19.61
1                 RB_1     Tony Pollard  DAL         NaN     17.10
2                 RB_2       James Cook  BUF         0.0      6.84
3                 WR_1      CeeDee Lamb  DAL         NaN     16.55
4                 WR_2  Isaiah McKenzie  BUF         9.3      8.15
5                   TE   T.J. Hockenson  MIN         NaN     11.49
6      Flex (RB/WR/TE)      Matt Breida  NYG         NaN      3.92
7                    K      Graham Gano  NYG         NaN      6.01
8  Defense (Team Name)   Dallas Cowboys  DAL         NaN      7.36
9     Bench (RB/WR/TE)      K.J. Osborn  MIN         NaN      6.00

2022-11-24 12:17:51 INFO turkey_bowl.leader_board -

### BECCA stats ###
              Position                Player Team  ACTUAL_pts  PROJ_pts
0                   QB          Daniel Jones  NYG         NaN     16.08
1                 RB_1        Saquon Barkley  NYG         NaN     16.07
2                 RB_2         Damien Harris   NE         NaN      9.22
3                 WR_1          Stefon Diggs  BUF         0.0     19.90
4                 WR_2          Adam Thielen  MIN         NaN      9.84
5                   TE           Dawson Knox  BUF         NaN      8.92
6      Flex (RB/WR/TE)            D.J. Chark  DET         2.5      8.03
7                    K           Greg Joseph  MIN         NaN      6.93
8  Defense (Team Name)  New England Patriots   NE         NaN      6.68
9     Bench (RB/WR/TE)       Kendrick Bourne   NE         NaN      3.27

2022-11-24 12:17:51 INFO turkey_bowl.leader_board - Cindy winning with 17.12 pts
          PTS  margin  pts_back
Cindy   17.12    5.56      0.00
Yeager  11.56    2.26      5.56
Dodd     9.30    2.10      7.82
Logan    7.20    4.70      9.92
Becca    2.50     NaN     14.62

2022-11-24 12:17:51 INFO turkey_bowl.leader_board - Saving LeaderBoard to /Users/logan/Desktop/repos/turkey-bowl/archive/2022/2022_leader_board.xlsx...
2022-11-24 12:58:06 INFO turkey_bowl.cli -

-------------------- Scraping Player Actual Points ---------------------

2022-11-24 12:58:06 INFO turkey_bowl.scrape - Collecting actual player points...
2022-11-24 12:58:07 INFO turkey_bowl.scrape - Successful API response obtained for: https://api.fantasy.nfl.com/v2/players/weekstats?season=2022&week=12
2022-11-24 12:58:07 INFO turkey_bowl.aggregate - All player ids in pulled player points exist in player_ids.json
2022-11-24 12:58:07 INFO turkey_bowl.aggregate - Writing robust player points summary to /Users/logan/Desktop/repos/turkey-bowl/archive/2022/2022_12_robust_participant_player_pts.xlsx...
2022-11-24 12:58:07 INFO turkey_bowl.leader_board -

### YEAGER stats ###
              Position               Player Team  ACTUAL_pts  PROJ_pts
0                   QB           Jared Goff  DET        8.96     15.44
1                 RB_1  Rhamondre Stevenson   NE         NaN     16.65
2                 RB_2     Devin Singletary  BUF        4.70     14.55
3                 WR_1     Justin Jefferson  MIN         NaN     16.71
4                 WR_2    Amon-Ra St. Brown  DET       13.40     15.52
5                   TE          Jonnu Smith   NE         NaN      4.91
6      Flex (RB/WR/TE)       Darius Slayton  NYG         NaN     11.39
7                    K          Brett Maher  DAL         NaN      7.54
8  Defense (Team Name)    Minnesota Vikings  MIN         NaN      6.60
9     Bench (RB/WR/TE)        Kalif Raymond  DET        5.60      7.85

2022-11-24 12:58:07 INFO turkey_bowl.leader_board -

### CINDY stats ###
              Position           Player Team  ACTUAL_pts  PROJ_pts
0                   QB       Josh Allen  BUF       18.66     25.59
1                 RB_1  Jamaal Williams  DET        6.20     11.31
2                 RB_2  Ezekiel Elliott  DAL         NaN      5.98
3                 WR_1       Gabe Davis  BUF        4.00     12.72
4                 WR_2    Jakobi Meyers   NE         NaN     13.88
5                   TE     Hunter Henry   NE         NaN      6.58
6      Flex (RB/WR/TE)       Noah Brown  DAL         NaN      7.08
7                    K       Tyler Bass  BUF        5.00      6.00
8  Defense (Team Name)  New York Giants  NYG         NaN      5.76
9     Bench (RB/WR/TE)   Justin Jackson  DET        2.70      3.98

2022-11-24 12:58:07 INFO turkey_bowl.leader_board -

### LOGAN stats ###
              Position          Player Team  ACTUAL_pts  PROJ_pts
0                   QB    Kirk Cousins  MIN         NaN     15.91
1                 RB_1     Dalvin Cook  MIN         NaN     14.16
2                 RB_2   D'Andre Swift  DET         3.1      8.98
3                 WR_1  Michael Gallup  DAL         NaN      9.53
4                 WR_2  DeVante Parker   NE         NaN      5.89
5                   TE  Dalton Schultz  DAL         NaN      9.62
6      Flex (RB/WR/TE)  Kenny Golladay  NYG         NaN      5.55
7                    K       Nick Folk   NE         NaN      5.83
8  Defense (Team Name)   Buffalo Bills  BUF         4.0      6.64
9     Bench (RB/WR/TE)    Nyheim Hines  BUF         0.3      3.80

2022-11-24 12:58:07 INFO turkey_bowl.leader_board -

### DODD stats ###
              Position           Player Team  ACTUAL_pts  PROJ_pts
0                   QB     Dak Prescott  DAL         NaN     19.61
1                 RB_1     Tony Pollard  DAL         NaN     17.10
2                 RB_2       James Cook  BUF         1.8      6.84
3                 WR_1      CeeDee Lamb  DAL         NaN     16.55
4                 WR_2  Isaiah McKenzie  BUF        16.7      8.15
5                   TE   T.J. Hockenson  MIN         NaN     11.49
6      Flex (RB/WR/TE)      Matt Breida  NYG         NaN      3.92
7                    K      Graham Gano  NYG         NaN      6.01
8  Defense (Team Name)   Dallas Cowboys  DAL         NaN      7.36
9     Bench (RB/WR/TE)      K.J. Osborn  MIN         NaN      6.00

2022-11-24 12:58:07 INFO turkey_bowl.leader_board -

### BECCA stats ###
              Position                Player Team  ACTUAL_pts  PROJ_pts
0                   QB          Daniel Jones  NYG         NaN     16.08
1                 RB_1        Saquon Barkley  NYG         NaN     16.07
2                 RB_2         Damien Harris   NE         NaN      9.22
3                 WR_1          Stefon Diggs  BUF         3.5     19.90
4                 WR_2          Adam Thielen  MIN         NaN      9.84
5                   TE           Dawson Knox  BUF         NaN      8.92
6      Flex (RB/WR/TE)            D.J. Chark  DET         2.5      8.03
7                    K           Greg Joseph  MIN         NaN      6.93
8  Defense (Team Name)  New England Patriots   NE         NaN      6.68
9     Bench (RB/WR/TE)       Kendrick Bourne   NE         NaN      3.27

2022-11-24 12:58:07 INFO turkey_bowl.leader_board - Cindy winning with 33.86 pts
          PTS  margin  pts_back
Cindy   33.86    6.80      0.00
Yeager  27.06    8.56      6.80
Dodd    18.50   11.40     15.36
Logan    7.10    1.10     26.76
Becca    6.00     NaN     27.86

2022-11-24 12:58:07 INFO turkey_bowl.leader_board - Saving LeaderBoard to /Users/logan/Desktop/repos/turkey-bowl/archive/2022/2022_leader_board.xlsx...
2022-11-24 13:55:12 INFO turkey_bowl.cli -

-------------------- Scraping Player Actual Points ---------------------

2022-11-24 13:55:12 INFO turkey_bowl.scrape - Collecting actual player points...
2022-11-24 13:55:13 INFO turkey_bowl.scrape - Successful API response obtained for: https://api.fantasy.nfl.com/v2/players/weekstats?season=2022&week=12
2022-11-24 13:55:13 INFO turkey_bowl.aggregate - Undocumented player 2567553: Chase Lucas
2022-11-24 13:55:13 INFO turkey_bowl.aggregate - Writing robust player points summary to /Users/logan/Desktop/repos/turkey-bowl/archive/2022/2022_12_robust_participant_player_pts.xlsx...
2022-11-24 13:55:13 INFO turkey_bowl.leader_board -

### YEAGER stats ###
              Position               Player Team  ACTUAL_pts  PROJ_pts
0                   QB           Jared Goff  DET       11.08     15.44
1                 RB_1  Rhamondre Stevenson   NE         NaN     16.65
2                 RB_2     Devin Singletary  BUF        6.50     14.55
3                 WR_1     Justin Jefferson  MIN         NaN     16.71
4                 WR_2    Amon-Ra St. Brown  DET       19.30     15.52
5                   TE          Jonnu Smith   NE         NaN      4.91
6      Flex (RB/WR/TE)       Darius Slayton  NYG         NaN     11.39
7                    K          Brett Maher  DAL         NaN      7.54
8  Defense (Team Name)    Minnesota Vikings  MIN         NaN      6.60
9     Bench (RB/WR/TE)        Kalif Raymond  DET        7.50      7.85

2022-11-24 13:55:13 INFO turkey_bowl.leader_board -

### CINDY stats ###
              Position           Player Team  ACTUAL_pts  PROJ_pts
0                   QB       Josh Allen  BUF       18.62     25.59
1                 RB_1  Jamaal Williams  DET        8.90     11.31
2                 RB_2  Ezekiel Elliott  DAL         NaN      5.98
3                 WR_1       Gabe Davis  BUF        6.60     12.72
4                 WR_2    Jakobi Meyers   NE         NaN     13.88
5                   TE     Hunter Henry   NE         NaN      6.58
6      Flex (RB/WR/TE)       Noah Brown  DAL         NaN      7.08
7                    K       Tyler Bass  BUF        5.00      6.00
8  Defense (Team Name)  New York Giants  NYG         NaN      5.76
9     Bench (RB/WR/TE)   Justin Jackson  DET        2.90      3.98

2022-11-24 13:55:13 INFO turkey_bowl.leader_board -

### LOGAN stats ###
              Position          Player Team  ACTUAL_pts  PROJ_pts
0                   QB    Kirk Cousins  MIN         NaN     15.91
1                 RB_1     Dalvin Cook  MIN         NaN     14.16
2                 RB_2   D'Andre Swift  DET         4.5      8.98
3                 WR_1  Michael Gallup  DAL         NaN      9.53
4                 WR_2  DeVante Parker   NE         NaN      5.89
5                   TE  Dalton Schultz  DAL         NaN      9.62
6      Flex (RB/WR/TE)  Kenny Golladay  NYG         NaN      5.55
7                    K       Nick Folk   NE         NaN      5.83
8  Defense (Team Name)   Buffalo Bills  BUF         7.0      6.64
9     Bench (RB/WR/TE)    Nyheim Hines  BUF         0.3      3.80

2022-11-24 13:55:13 INFO turkey_bowl.leader_board -

### DODD stats ###
              Position           Player Team  ACTUAL_pts  PROJ_pts
0                   QB     Dak Prescott  DAL         NaN     19.61
1                 RB_1     Tony Pollard  DAL         NaN     17.10
2                 RB_2       James Cook  BUF         3.8      6.84
3                 WR_1      CeeDee Lamb  DAL         NaN     16.55
4                 WR_2  Isaiah McKenzie  BUF        21.0      8.15
5                   TE   T.J. Hockenson  MIN         NaN     11.49
6      Flex (RB/WR/TE)      Matt Breida  NYG         NaN      3.92
7                    K      Graham Gano  NYG         NaN      6.01
8  Defense (Team Name)   Dallas Cowboys  DAL         NaN      7.36
9     Bench (RB/WR/TE)      K.J. Osborn  MIN         NaN      6.00

2022-11-24 13:55:13 INFO turkey_bowl.leader_board -

### BECCA stats ###
              Position                Player Team  ACTUAL_pts  PROJ_pts
0                   QB          Daniel Jones  NYG         NaN     16.08
1                 RB_1        Saquon Barkley  NYG         NaN     16.07
2                 RB_2         Damien Harris   NE         NaN      9.22
3                 WR_1          Stefon Diggs  BUF         4.2     19.90
4                 WR_2          Adam Thielen  MIN         NaN      9.84
5                   TE           Dawson Knox  BUF         NaN      8.92
6      Flex (RB/WR/TE)            D.J. Chark  DET         2.5      8.03
7                    K           Greg Joseph  MIN         NaN      6.93
8  Defense (Team Name)  New England Patriots   NE         NaN      6.68
9     Bench (RB/WR/TE)       Kendrick Bourne   NE         NaN      3.27

2022-11-24 13:55:13 INFO turkey_bowl.leader_board - Cindy winning with 39.12 pts
          PTS  margin  pts_back
Cindy   39.12    2.24      0.00
Yeager  36.88   12.08      2.24
Dodd    24.80   13.30     14.32
Logan   11.50    4.80     27.62
Becca    6.70     NaN     32.42

2022-11-24 13:55:13 INFO turkey_bowl.leader_board - Saving LeaderBoard to /Users/logan/Desktop/repos/turkey-bowl/archive/2022/2022_leader_board.xlsx...
2022-11-24 14:50:04 INFO turkey_bowl.cli -

-------------------- Scraping Player Actual Points ---------------------

2022-11-24 14:50:05 INFO turkey_bowl.scrape - Collecting actual player points...
2022-11-24 14:50:05 INFO turkey_bowl.scrape - Successful API response obtained for: https://api.fantasy.nfl.com/v2/players/weekstats?season=2022&week=12
2022-11-24 14:50:05 INFO turkey_bowl.aggregate - All player ids in pulled player points exist in player_ids.json
2022-11-24 14:50:05 INFO turkey_bowl.aggregate - Writing robust player points summary to /Users/logan/Desktop/repos/turkey-bowl/archive/2022/2022_12_robust_participant_player_pts.xlsx...
2022-11-24 14:50:05 INFO turkey_bowl.leader_board -

### YEAGER stats ###
              Position               Player Team  ACTUAL_pts  PROJ_pts
0                   QB           Jared Goff  DET        17.6     15.44
1                 RB_1  Rhamondre Stevenson   NE         NaN     16.65
2                 RB_2     Devin Singletary  BUF         9.0     14.55
3                 WR_1     Justin Jefferson  MIN         NaN     16.71
4                 WR_2    Amon-Ra St. Brown  DET        27.9     15.52
5                   TE          Jonnu Smith   NE         NaN      4.91
6      Flex (RB/WR/TE)       Darius Slayton  NYG         NaN     11.39
7                    K          Brett Maher  DAL         NaN      7.54
8  Defense (Team Name)    Minnesota Vikings  MIN         NaN      6.60
9     Bench (RB/WR/TE)        Kalif Raymond  DET         7.5      7.85

2022-11-24 14:50:05 INFO turkey_bowl.leader_board -

### CINDY stats ###
              Position           Player Team  ACTUAL_pts  PROJ_pts
0                   QB       Josh Allen  BUF       29.92     25.59
1                 RB_1  Jamaal Williams  DET       10.60     11.31
2                 RB_2  Ezekiel Elliott  DAL         NaN      5.98
3                 WR_1       Gabe Davis  BUF        7.80     12.72
4                 WR_2    Jakobi Meyers   NE         NaN     13.88
5                   TE     Hunter Henry   NE         NaN      6.58
6      Flex (RB/WR/TE)       Noah Brown  DAL         NaN      7.08
7                    K       Tyler Bass  BUF        8.00      6.00
8  Defense (Team Name)  New York Giants  NYG         NaN      5.76
9     Bench (RB/WR/TE)   Justin Jackson  DET        2.90      3.98

2022-11-24 14:50:05 INFO turkey_bowl.leader_board -

### LOGAN stats ###
              Position          Player Team  ACTUAL_pts  PROJ_pts
0                   QB    Kirk Cousins  MIN         NaN     15.91
1                 RB_1     Dalvin Cook  MIN         NaN     14.16
2                 RB_2   D'Andre Swift  DET        10.3      8.98
3                 WR_1  Michael Gallup  DAL         NaN      9.53
4                 WR_2  DeVante Parker   NE         NaN      5.89
5                   TE  Dalton Schultz  DAL         NaN      9.62
6      Flex (RB/WR/TE)  Kenny Golladay  NYG         NaN      5.55
7                    K       Nick Folk   NE         NaN      5.83
8  Defense (Team Name)   Buffalo Bills  BUF         6.0      6.64
9     Bench (RB/WR/TE)    Nyheim Hines  BUF         0.3      3.80

2022-11-24 14:50:05 INFO turkey_bowl.leader_board -

### DODD stats ###
              Position           Player Team  ACTUAL_pts  PROJ_pts
0                   QB     Dak Prescott  DAL         NaN     19.61
1                 RB_1     Tony Pollard  DAL         NaN     17.10
2                 RB_2       James Cook  BUF         3.8      6.84
3                 WR_1      CeeDee Lamb  DAL         NaN     16.55
4                 WR_2  Isaiah McKenzie  BUF        22.3      8.15
5                   TE   T.J. Hockenson  MIN         NaN     11.49
6      Flex (RB/WR/TE)      Matt Breida  NYG         NaN      3.92
7                    K      Graham Gano  NYG         NaN      6.01
8  Defense (Team Name)   Dallas Cowboys  DAL         NaN      7.36
9     Bench (RB/WR/TE)      K.J. Osborn  MIN         NaN      6.00

2022-11-24 14:50:05 INFO turkey_bowl.leader_board -

### BECCA stats ###
              Position                Player Team  ACTUAL_pts  PROJ_pts
0                   QB          Daniel Jones  NYG         NaN     16.08
1                 RB_1        Saquon Barkley  NYG         NaN     16.07
2                 RB_2         Damien Harris   NE         NaN      9.22
3                 WR_1          Stefon Diggs  BUF        21.7     19.90
4                 WR_2          Adam Thielen  MIN         NaN      9.84
5                   TE           Dawson Knox  BUF         3.7      8.92
6      Flex (RB/WR/TE)            D.J. Chark  DET         9.6      8.03
7                    K           Greg Joseph  MIN         NaN      6.93
8  Defense (Team Name)  New England Patriots   NE         NaN      6.68
9     Bench (RB/WR/TE)       Kendrick Bourne   NE         NaN      3.27

2022-11-24 14:50:06 INFO turkey_bowl.leader_board - Cindy winning with 56.32 pts
          PTS  margin  pts_back
Cindy   56.32    1.82      0.00
Yeager  54.50   19.50      1.82
Becca   35.00    8.90     21.32
Dodd    26.10    9.80     30.22
Logan   16.30     NaN     40.02

2022-11-24 14:50:06 INFO turkey_bowl.leader_board - Saving LeaderBoard to /Users/logan/Desktop/repos/turkey-bowl/archive/2022/2022_leader_board.xlsx...
2022-11-24 16:21:55 INFO turkey_bowl.cli -

-------------------- Scraping Player Actual Points ---------------------

2022-11-24 16:21:55 INFO turkey_bowl.scrape - Collecting actual player points...
2022-11-24 16:21:55 INFO turkey_bowl.scrape - Successful API response obtained for: https://api.fantasy.nfl.com/v2/players/weekstats?season=2022&week=12
2022-11-24 16:21:55 INFO turkey_bowl.aggregate - Undocumented player 2565995: Quinton Bohanna
2022-11-24 16:21:56 INFO turkey_bowl.aggregate - Writing robust player points summary to /Users/logan/Desktop/repos/turkey-bowl/archive/2022/2022_12_robust_participant_player_pts.xlsx...
2022-11-24 16:21:56 INFO turkey_bowl.leader_board -

### YEAGER stats ###
              Position               Player Team  ACTUAL_pts  PROJ_pts
0                   QB           Jared Goff  DET        17.6     15.44
1                 RB_1  Rhamondre Stevenson   NE         NaN     16.65
2                 RB_2     Devin Singletary  BUF         9.0     14.55
3                 WR_1     Justin Jefferson  MIN         NaN     16.71
4                 WR_2    Amon-Ra St. Brown  DET        27.9     15.52
5                   TE          Jonnu Smith   NE         NaN      4.91
6      Flex (RB/WR/TE)       Darius Slayton  NYG         0.0     11.39
7                    K          Brett Maher  DAL         1.0      7.54
8  Defense (Team Name)    Minnesota Vikings  MIN         NaN      6.60
9     Bench (RB/WR/TE)        Kalif Raymond  DET         7.5      7.85

2022-11-24 16:21:56 INFO turkey_bowl.leader_board -

### CINDY stats ###
              Position           Player Team  ACTUAL_pts  PROJ_pts
0                   QB       Josh Allen  BUF       29.92     25.59
1                 RB_1  Jamaal Williams  DET       10.60     11.31
2                 RB_2  Ezekiel Elliott  DAL       11.70      5.98
3                 WR_1       Gabe Davis  BUF        7.80     12.72
4                 WR_2    Jakobi Meyers   NE         NaN     13.88
5                   TE     Hunter Henry   NE         NaN      6.58
6      Flex (RB/WR/TE)       Noah Brown  DAL         NaN      7.08
7                    K       Tyler Bass  BUF        8.00      6.00
8  Defense (Team Name)  New York Giants  NYG        6.00      5.76
9     Bench (RB/WR/TE)   Justin Jackson  DET        2.90      3.98

2022-11-24 16:21:56 INFO turkey_bowl.leader_board -

### LOGAN stats ###
              Position          Player Team  ACTUAL_pts  PROJ_pts
0                   QB    Kirk Cousins  MIN         NaN     15.91
1                 RB_1     Dalvin Cook  MIN         NaN     14.16
2                 RB_2   D'Andre Swift  DET        10.3      8.98
3                 WR_1  Michael Gallup  DAL         5.4      9.53
4                 WR_2  DeVante Parker   NE         NaN      5.89
5                   TE  Dalton Schultz  DAL         NaN      9.62
6      Flex (RB/WR/TE)  Kenny Golladay  NYG         NaN      5.55
7                    K       Nick Folk   NE         NaN      5.83
8  Defense (Team Name)   Buffalo Bills  BUF         8.0      6.64
9     Bench (RB/WR/TE)    Nyheim Hines  BUF         0.3      3.80

2022-11-24 16:21:56 INFO turkey_bowl.leader_board -

### DODD stats ###
              Position           Player Team  ACTUAL_pts  PROJ_pts
0                   QB     Dak Prescott  DAL         0.8     19.61
1                 RB_1     Tony Pollard  DAL         1.7     17.10
2                 RB_2       James Cook  BUF         3.8      6.84
3                 WR_1      CeeDee Lamb  DAL         6.5     16.55
4                 WR_2  Isaiah McKenzie  BUF        22.3      8.15
5                   TE   T.J. Hockenson  MIN         NaN     11.49
6      Flex (RB/WR/TE)      K.J. Osborn  MIN         NaN      6.00
7                    K      Graham Gano  NYG         5.0      6.01
8  Defense (Team Name)   Dallas Cowboys  DAL         8.0      7.36
9     Bench (RB/WR/TE)      Matt Breida  NYG         NaN      3.92

2022-11-24 16:21:56 INFO turkey_bowl.leader_board -

### BECCA stats ###
              Position                Player Team  ACTUAL_pts  PROJ_pts
0                   QB          Daniel Jones  NYG         2.6     16.08
1                 RB_1        Saquon Barkley  NYG         4.1     16.07
2                 RB_2         Damien Harris   NE         NaN      9.22
3                 WR_1          Stefon Diggs  BUF        21.7     19.90
4                 WR_2          Adam Thielen  MIN         NaN      9.84
5                   TE           Dawson Knox  BUF         3.7      8.92
6      Flex (RB/WR/TE)            D.J. Chark  DET         9.6      8.03
7                    K           Greg Joseph  MIN         NaN      6.93
8  Defense (Team Name)  New England Patriots   NE         NaN      6.68
9     Bench (RB/WR/TE)       Kendrick Bourne   NE         NaN      3.27

2022-11-24 16:21:56 INFO turkey_bowl.leader_board - Cindy winning with 74.02 pts
          PTS  margin  pts_back
Cindy   74.02   18.52      0.00
Yeager  55.50    7.40     18.52
Dodd    48.10    6.40     25.92
Becca   41.70   18.00     32.32
Logan   23.70     NaN     50.32

2022-11-24 16:21:56 INFO turkey_bowl.leader_board - Saving LeaderBoard to /Users/logan/Desktop/repos/turkey-bowl/archive/2022/2022_leader_board.xlsx...
2022-11-24 17:24:20 INFO turkey_bowl.cli -

-------------------- Scraping Player Actual Points ---------------------

2022-11-24 17:24:20 INFO turkey_bowl.scrape - Collecting actual player points...
2022-11-24 17:24:20 INFO turkey_bowl.scrape - Successful API response obtained for: https://api.fantasy.nfl.com/v2/players/weekstats?season=2022&week=12
2022-11-24 17:24:20 INFO turkey_bowl.aggregate - Undocumented player 2566022: Nahshon Wright
2022-11-24 17:24:21 INFO turkey_bowl.aggregate - Writing robust player points summary to /Users/logan/Desktop/repos/turkey-bowl/archive/2022/2022_12_robust_participant_player_pts.xlsx...
2022-11-24 17:24:21 INFO turkey_bowl.leader_board -

### YEAGER stats ###
              Position               Player Team  ACTUAL_pts  PROJ_pts
0                   QB           Jared Goff  DET        17.6     15.44
1                 RB_1  Rhamondre Stevenson   NE         NaN     16.65
2                 RB_2     Devin Singletary  BUF         9.0     14.55
3                 WR_1     Justin Jefferson  MIN         NaN     16.71
4                 WR_2    Amon-Ra St. Brown  DET        27.9     15.52
5                   TE          Jonnu Smith   NE         NaN      4.91
6      Flex (RB/WR/TE)       Darius Slayton  NYG         7.8     11.39
7                    K          Brett Maher  DAL         1.0      7.54
8  Defense (Team Name)    Minnesota Vikings  MIN         NaN      6.60
9     Bench (RB/WR/TE)        Kalif Raymond  DET         7.5      7.85

2022-11-24 17:24:21 INFO turkey_bowl.leader_board -

### CINDY stats ###
              Position           Player Team  ACTUAL_pts  PROJ_pts
0                   QB       Josh Allen  BUF       29.92     25.59
1                 RB_1  Jamaal Williams  DET       10.60     11.31
2                 RB_2  Ezekiel Elliott  DAL       12.10      5.98
3                 WR_1       Gabe Davis  BUF        7.80     12.72
4                 WR_2    Jakobi Meyers   NE         NaN     13.88
5                   TE     Hunter Henry   NE         NaN      6.58
6      Flex (RB/WR/TE)       Noah Brown  DAL         NaN      7.08
7                    K       Tyler Bass  BUF        8.00      6.00
8  Defense (Team Name)  New York Giants  NYG        8.00      5.76
9     Bench (RB/WR/TE)   Justin Jackson  DET        2.90      3.98

2022-11-24 17:24:21 INFO turkey_bowl.leader_board -

### LOGAN stats ###
              Position          Player Team  ACTUAL_pts  PROJ_pts
0                   QB    Kirk Cousins  MIN         NaN     15.91
1                 RB_1     Dalvin Cook  MIN         NaN     14.16
2                 RB_2   D'Andre Swift  DET        10.3      8.98
3                 WR_1  Michael Gallup  DAL        11.3      9.53
4                 WR_2  DeVante Parker   NE         NaN      5.89
5                   TE  Dalton Schultz  DAL         1.5      9.62
6      Flex (RB/WR/TE)  Kenny Golladay  NYG         NaN      5.55
7                    K       Nick Folk   NE         NaN      5.83
8  Defense (Team Name)   Buffalo Bills  BUF         8.0      6.64
9     Bench (RB/WR/TE)    Nyheim Hines  BUF         0.3      3.80

2022-11-24 17:24:21 INFO turkey_bowl.leader_board -

### DODD stats ###
              Position           Player Team  ACTUAL_pts  PROJ_pts
0                   QB     Dak Prescott  DAL        0.64     19.61
1                 RB_1     Tony Pollard  DAL        3.10     17.10
2                 RB_2       James Cook  BUF        3.80      6.84
3                 WR_1      CeeDee Lamb  DAL        6.50     16.55
4                 WR_2  Isaiah McKenzie  BUF       22.30      8.15
5                   TE   T.J. Hockenson  MIN         NaN     11.49
6      Flex (RB/WR/TE)      K.J. Osborn  MIN         NaN      6.00
7                    K      Graham Gano  NYG        9.00      6.01
8  Defense (Team Name)   Dallas Cowboys  DAL        5.00      7.36
9     Bench (RB/WR/TE)      Matt Breida  NYG         NaN      3.92

2022-11-24 17:24:21 INFO turkey_bowl.leader_board -

### BECCA stats ###
              Position                Player Team  ACTUAL_pts  PROJ_pts
0                   QB          Daniel Jones  NYG        6.32     16.08
1                 RB_1        Saquon Barkley  NYG       12.70     16.07
2                 RB_2         Damien Harris   NE         NaN      9.22
3                 WR_1          Stefon Diggs  BUF       21.70     19.90
4                 WR_2          Adam Thielen  MIN         NaN      9.84
5                   TE           Dawson Knox  BUF        3.70      8.92
6      Flex (RB/WR/TE)            D.J. Chark  DET        9.60      8.03
7                    K           Greg Joseph  MIN         NaN      6.93
8  Defense (Team Name)  New England Patriots   NE         NaN      6.68
9     Bench (RB/WR/TE)       Kendrick Bourne   NE         NaN      3.27

2022-11-24 17:24:21 INFO turkey_bowl.leader_board - Cindy winning with 76.42 pts
          PTS  margin  pts_back
Cindy   76.42   13.12      0.00
Yeager  63.30    9.28     13.12
Becca   54.02    3.68     22.40
Dodd    50.34   19.24     26.08
Logan   31.10     NaN     45.32

2022-11-24 17:24:21 INFO turkey_bowl.leader_board - Saving LeaderBoard to /Users/logan/Desktop/repos/turkey-bowl/archive/2022/2022_leader_board.xlsx...
2022-11-24 18:06:57 INFO turkey_bowl.cli -

-------------------- Scraping Player Actual Points ---------------------

2022-11-24 18:06:57 INFO turkey_bowl.scrape - Collecting actual player points...
2022-11-24 18:06:58 INFO turkey_bowl.scrape - Successful API response obtained for: https://api.fantasy.nfl.com/v2/players/weekstats?season=2022&week=12
2022-11-24 18:06:58 INFO turkey_bowl.aggregate - All player ids in pulled player points exist in player_ids.json
2022-11-24 18:06:58 INFO turkey_bowl.aggregate - Writing robust player points summary to /Users/logan/Desktop/repos/turkey-bowl/archive/2022/2022_12_robust_participant_player_pts.xlsx...
2022-11-24 18:06:58 INFO turkey_bowl.leader_board -

### YEAGER stats ###
              Position               Player Team  ACTUAL_pts  PROJ_pts
0                   QB           Jared Goff  DET        17.6     15.44
1                 RB_1  Rhamondre Stevenson   NE         NaN     16.65
2                 RB_2     Devin Singletary  BUF         9.0     14.55
3                 WR_1     Justin Jefferson  MIN         NaN     16.71
4                 WR_2    Amon-Ra St. Brown  DET        27.9     15.52
5                   TE          Jonnu Smith   NE         NaN      4.91
6      Flex (RB/WR/TE)       Darius Slayton  NYG         9.3     11.39
7                    K          Brett Maher  DAL         3.0      7.54
8  Defense (Team Name)    Minnesota Vikings  MIN         NaN      6.60
9     Bench (RB/WR/TE)        Kalif Raymond  DET         7.5      7.85

2022-11-24 18:06:58 INFO turkey_bowl.leader_board -

### CINDY stats ###
              Position           Player Team  ACTUAL_pts  PROJ_pts
0                   QB       Josh Allen  BUF       29.92     25.59
1                 RB_1  Jamaal Williams  DET       10.60     11.31
2                 RB_2  Ezekiel Elliott  DAL       16.00      5.98
3                 WR_1       Gabe Davis  BUF        7.80     12.72
4                 WR_2    Jakobi Meyers   NE         NaN     13.88
5                   TE     Hunter Henry   NE         NaN      6.58
6      Flex (RB/WR/TE)       Noah Brown  DAL         NaN      7.08
7                    K       Tyler Bass  BUF        8.00      6.00
8  Defense (Team Name)  New York Giants  NYG        4.00      5.76
9     Bench (RB/WR/TE)   Justin Jackson  DET        2.90      3.98

2022-11-24 18:06:58 INFO turkey_bowl.leader_board -

### LOGAN stats ###
              Position          Player Team  ACTUAL_pts  PROJ_pts
0                   QB    Kirk Cousins  MIN         NaN     15.91
1                 RB_1     Dalvin Cook  MIN         NaN     14.16
2                 RB_2   D'Andre Swift  DET        10.3      8.98
3                 WR_1  Michael Gallup  DAL        11.3      9.53
4                 WR_2  DeVante Parker   NE         NaN      5.89
5                   TE  Dalton Schultz  DAL        19.1      9.62
6      Flex (RB/WR/TE)  Kenny Golladay  NYG         NaN      5.55
7                    K       Nick Folk   NE         NaN      5.83
8  Defense (Team Name)   Buffalo Bills  BUF         8.0      6.64
9     Bench (RB/WR/TE)    Nyheim Hines  BUF         0.3      3.80

2022-11-24 18:06:58 INFO turkey_bowl.leader_board -

### DODD stats ###
              Position           Player Team  ACTUAL_pts  PROJ_pts
0                   QB     Dak Prescott  DAL       12.22     19.61
1                 RB_1     Tony Pollard  DAL        6.10     17.10
2                 RB_2       James Cook  BUF        3.80      6.84
3                 WR_1      CeeDee Lamb  DAL       12.00     16.55
4                 WR_2  Isaiah McKenzie  BUF       22.30      8.15
5                   TE   T.J. Hockenson  MIN         NaN     11.49
6      Flex (RB/WR/TE)      K.J. Osborn  MIN         NaN      6.00
7                    K      Graham Gano  NYG        9.00      6.01
8  Defense (Team Name)   Dallas Cowboys  DAL        6.00      7.36
9     Bench (RB/WR/TE)      Matt Breida  NYG         NaN      3.92

2022-11-24 18:06:58 INFO turkey_bowl.leader_board -

### BECCA stats ###
              Position                Player Team  ACTUAL_pts  PROJ_pts
0                   QB          Daniel Jones  NYG        7.08     16.08
1                 RB_1        Saquon Barkley  NYG       14.40     16.07
2                 RB_2         Damien Harris   NE         NaN      9.22
3                 WR_1          Stefon Diggs  BUF       21.70     19.90
4                 WR_2          Adam Thielen  MIN         NaN      9.84
5                   TE           Dawson Knox  BUF        3.70      8.92
6      Flex (RB/WR/TE)            D.J. Chark  DET        9.60      8.03
7                    K           Greg Joseph  MIN         NaN      6.93
8  Defense (Team Name)  New England Patriots   NE         NaN      6.68
9     Bench (RB/WR/TE)       Kendrick Bourne   NE         NaN      3.27

2022-11-24 18:06:58 INFO turkey_bowl.leader_board - Cindy winning with 76.32 pts
          PTS  margin  pts_back
Cindy   76.32    4.90      0.00
Dodd    71.42    4.62      4.90
Yeager  66.80   10.32      9.52
Becca   56.48    7.78     19.84
Logan   48.70     NaN     27.62

2022-11-24 18:06:58 INFO turkey_bowl.leader_board - Saving LeaderBoard to /Users/logan/Desktop/repos/turkey-bowl/archive/2022/2022_leader_board.xlsx...
2022-11-24 18:53:42 INFO turkey_bowl.cli -

-------------------- Scraping Player Actual Points ---------------------

2022-11-24 18:53:42 INFO turkey_bowl.scrape - Collecting actual player points...
2022-11-24 18:53:43 INFO turkey_bowl.scrape - Successful API response obtained for: https://api.fantasy.nfl.com/v2/players/weekstats?season=2022&week=12
2022-11-24 18:53:43 INFO turkey_bowl.aggregate - All player ids in pulled player points exist in player_ids.json
2022-11-24 18:53:43 INFO turkey_bowl.aggregate - Writing robust player points summary to /Users/logan/Desktop/repos/turkey-bowl/archive/2022/2022_12_robust_participant_player_pts.xlsx...
2022-11-24 18:53:43 INFO turkey_bowl.leader_board -

### YEAGER stats ###
              Position               Player Team  ACTUAL_pts  PROJ_pts
0                   QB           Jared Goff  DET        17.6     15.44
1                 RB_1  Rhamondre Stevenson   NE         NaN     16.65
2                 RB_2     Devin Singletary  BUF         9.0     14.55
3                 WR_1     Justin Jefferson  MIN         NaN     16.71
4                 WR_2    Amon-Ra St. Brown  DET        27.9     15.52
5                   TE          Jonnu Smith   NE         NaN      4.91
6      Flex (RB/WR/TE)       Darius Slayton  NYG         9.3     11.39
7                    K          Brett Maher  DAL         4.0      7.54
8  Defense (Team Name)    Minnesota Vikings  MIN         NaN      6.60
9     Bench (RB/WR/TE)        Kalif Raymond  DET         7.5      7.85

2022-11-24 18:53:43 INFO turkey_bowl.leader_board -

### CINDY stats ###
              Position           Player Team  ACTUAL_pts  PROJ_pts
0                   QB       Josh Allen  BUF       29.92     25.59
1                 RB_1  Jamaal Williams  DET       10.60     11.31
2                 RB_2  Ezekiel Elliott  DAL       16.50      5.98
3                 WR_1       Gabe Davis  BUF        7.80     12.72
4                 WR_2    Jakobi Meyers   NE         NaN     13.88
5                   TE     Hunter Henry   NE         NaN      6.58
6      Flex (RB/WR/TE)       Noah Brown  DAL         NaN      7.08
7                    K       Tyler Bass  BUF        8.00      6.00
8  Defense (Team Name)  New York Giants  NYG        3.00      5.76
9     Bench (RB/WR/TE)   Justin Jackson  DET        2.90      3.98

2022-11-24 18:53:43 INFO turkey_bowl.leader_board -

### LOGAN stats ###
              Position          Player Team  ACTUAL_pts  PROJ_pts
0                   QB    Kirk Cousins  MIN         NaN     15.91
1                 RB_1     Dalvin Cook  MIN         NaN     14.16
2                 RB_2   D'Andre Swift  DET        10.3      8.98
3                 WR_1  Michael Gallup  DAL        11.3      9.53
4                 WR_2  DeVante Parker   NE         NaN      5.89
5                   TE  Dalton Schultz  DAL        19.1      9.62
6      Flex (RB/WR/TE)  Kenny Golladay  NYG         NaN      5.55
7                    K       Nick Folk   NE         NaN      5.83
8  Defense (Team Name)   Buffalo Bills  BUF         8.0      6.64
9     Bench (RB/WR/TE)    Nyheim Hines  BUF         0.3      3.80

2022-11-24 18:53:43 INFO turkey_bowl.leader_board -

### DODD stats ###
              Position           Player Team  ACTUAL_pts  PROJ_pts
0                   QB     Dak Prescott  DAL       14.84     19.61
1                 RB_1     Tony Pollard  DAL        8.10     17.10
2                 RB_2       James Cook  BUF        3.80      6.84
3                 WR_1      CeeDee Lamb  DAL       17.70     16.55
4                 WR_2  Isaiah McKenzie  BUF       22.30      8.15
5                   TE   T.J. Hockenson  MIN         NaN     11.49
6      Flex (RB/WR/TE)      K.J. Osborn  MIN         NaN      6.00
7                    K      Graham Gano  NYG       10.00      6.01
8  Defense (Team Name)   Dallas Cowboys  DAL        4.00      7.36
9     Bench (RB/WR/TE)      Matt Breida  NYG        2.50      3.92

2022-11-24 18:53:43 INFO turkey_bowl.leader_board -

### BECCA stats ###
              Position                Player Team  ACTUAL_pts  PROJ_pts
0                   QB          Daniel Jones  NYG       14.52     16.08
1                 RB_1        Saquon Barkley  NYG       15.20     16.07
2                 RB_2         Damien Harris   NE         NaN      9.22
3                 WR_1          Stefon Diggs  BUF       21.70     19.90
4                 WR_2          Adam Thielen  MIN         NaN      9.84
5                   TE           Dawson Knox  BUF        3.70      8.92
6      Flex (RB/WR/TE)            D.J. Chark  DET        9.60      8.03
7                    K           Greg Joseph  MIN         NaN      6.93
8  Defense (Team Name)  New England Patriots   NE         NaN      6.68
9     Bench (RB/WR/TE)       Kendrick Bourne   NE         NaN      3.27

2022-11-24 18:53:43 INFO turkey_bowl.leader_board - Dodd winning with 80.74 pts
          PTS  margin  pts_back
Dodd    80.74    4.92      0.00
Cindy   75.82    8.02      4.92
Yeager  67.80    3.08     12.94
Becca   64.72   16.02     16.02
Logan   48.70     NaN     32.04

2022-11-24 18:53:43 INFO turkey_bowl.leader_board - Saving LeaderBoard to /Users/logan/Desktop/repos/turkey-bowl/archive/2022/2022_leader_board.xlsx...
2022-11-24 18:53:50 INFO turkey_bowl.cli -

-------------------- Scraping Player Actual Points ---------------------

2022-11-24 18:53:50 INFO turkey_bowl.scrape - Collecting actual player points...
2022-11-24 18:53:51 INFO turkey_bowl.scrape - Successful API response obtained for: https://api.fantasy.nfl.com/v2/players/weekstats?season=2022&week=12
2022-11-24 18:53:51 INFO turkey_bowl.aggregate - All player ids in pulled player points exist in player_ids.json
2022-11-24 18:53:51 INFO turkey_bowl.aggregate - Writing robust player points summary to /Users/logan/Desktop/repos/turkey-bowl/archive/2022/2022_12_robust_participant_player_pts.xlsx...
2022-11-24 18:53:51 INFO turkey_bowl.leader_board -

### YEAGER stats ###
              Position               Player Team  ACTUAL_pts  PROJ_pts
0                   QB           Jared Goff  DET        17.6     15.44
1                 RB_1  Rhamondre Stevenson   NE         NaN     16.65
2                 RB_2     Devin Singletary  BUF         9.0     14.55
3                 WR_1     Justin Jefferson  MIN         NaN     16.71
4                 WR_2    Amon-Ra St. Brown  DET        27.9     15.52
5                   TE          Jonnu Smith   NE         NaN      4.91
6      Flex (RB/WR/TE)       Darius Slayton  NYG         9.3     11.39
7                    K          Brett Maher  DAL         4.0      7.54
8  Defense (Team Name)    Minnesota Vikings  MIN         NaN      6.60
9     Bench (RB/WR/TE)        Kalif Raymond  DET         7.5      7.85

2022-11-24 18:53:51 INFO turkey_bowl.leader_board -

### CINDY stats ###
              Position           Player Team  ACTUAL_pts  PROJ_pts
0                   QB       Josh Allen  BUF       29.92     25.59
1                 RB_1  Jamaal Williams  DET       10.60     11.31
2                 RB_2  Ezekiel Elliott  DAL       16.50      5.98
3                 WR_1       Gabe Davis  BUF        7.80     12.72
4                 WR_2    Jakobi Meyers   NE         NaN     13.88
5                   TE     Hunter Henry   NE         NaN      6.58
6      Flex (RB/WR/TE)       Noah Brown  DAL         NaN      7.08
7                    K       Tyler Bass  BUF        8.00      6.00
8  Defense (Team Name)  New York Giants  NYG        3.00      5.76
9     Bench (RB/WR/TE)   Justin Jackson  DET        2.90      3.98

2022-11-24 18:53:51 INFO turkey_bowl.leader_board -

### LOGAN stats ###
              Position          Player Team  ACTUAL_pts  PROJ_pts
0                   QB    Kirk Cousins  MIN         NaN     15.91
1                 RB_1     Dalvin Cook  MIN         NaN     14.16
2                 RB_2   D'Andre Swift  DET        10.3      8.98
3                 WR_1  Michael Gallup  DAL        11.3      9.53
4                 WR_2  DeVante Parker   NE         NaN      5.89
5                   TE  Dalton Schultz  DAL        19.1      9.62
6      Flex (RB/WR/TE)  Kenny Golladay  NYG         NaN      5.55
7                    K       Nick Folk   NE         NaN      5.83
8  Defense (Team Name)   Buffalo Bills  BUF         8.0      6.64
9     Bench (RB/WR/TE)    Nyheim Hines  BUF         0.3      3.80

2022-11-24 18:53:51 INFO turkey_bowl.leader_board -

### DODD stats ###
              Position           Player Team  ACTUAL_pts  PROJ_pts
0                   QB     Dak Prescott  DAL       14.84     19.61
1                 RB_1     Tony Pollard  DAL        8.10     17.10
2                 RB_2       James Cook  BUF        3.80      6.84
3                 WR_1      CeeDee Lamb  DAL       17.70     16.55
4                 WR_2  Isaiah McKenzie  BUF       22.30      8.15
5                   TE   T.J. Hockenson  MIN         NaN     11.49
6      Flex (RB/WR/TE)      K.J. Osborn  MIN         NaN      6.00
7                    K      Graham Gano  NYG       10.00      6.01
8  Defense (Team Name)   Dallas Cowboys  DAL        4.00      7.36
9     Bench (RB/WR/TE)      Matt Breida  NYG        2.50      3.92

2022-11-24 18:53:51 INFO turkey_bowl.leader_board -

### BECCA stats ###
              Position                Player Team  ACTUAL_pts  PROJ_pts
0                   QB          Daniel Jones  NYG       14.52     16.08
1                 RB_1        Saquon Barkley  NYG       15.20     16.07
2                 RB_2         Damien Harris   NE         NaN      9.22
3                 WR_1          Stefon Diggs  BUF       21.70     19.90
4                 WR_2          Adam Thielen  MIN         NaN      9.84
5                   TE           Dawson Knox  BUF        3.70      8.92
6      Flex (RB/WR/TE)            D.J. Chark  DET        9.60      8.03
7                    K           Greg Joseph  MIN         NaN      6.93
8  Defense (Team Name)  New England Patriots   NE         NaN      6.68
9     Bench (RB/WR/TE)       Kendrick Bourne   NE         NaN      3.27

2022-11-24 18:53:51 INFO turkey_bowl.leader_board - Dodd winning with 80.74 pts
          PTS  margin  pts_back
Dodd    80.74    4.92      0.00
Cindy   75.82    8.02      4.92
Yeager  67.80    3.08     12.94
Becca   64.72   16.02     16.02
Logan   48.70     NaN     32.04

2022-11-24 18:53:51 INFO turkey_bowl.leader_board - Saving LeaderBoard to /Users/logan/Desktop/repos/turkey-bowl/archive/2022/2022_leader_board.xlsx...
2022-11-24 20:16:05 INFO turkey_bowl.cli -

-------------------- Scraping Player Actual Points ---------------------

2022-11-24 20:16:05 INFO turkey_bowl.scrape - Collecting actual player points...
2022-11-24 20:16:06 INFO turkey_bowl.scrape - Successful API response obtained for: https://api.fantasy.nfl.com/v2/players/weekstats?season=2022&week=12
2022-11-24 20:16:06 INFO turkey_bowl.aggregate - All player ids in pulled player points exist in player_ids.json
2022-11-24 20:16:06 INFO turkey_bowl.aggregate - Writing robust player points summary to /Users/logan/Desktop/repos/turkey-bowl/archive/2022/2022_12_robust_participant_player_pts.xlsx...
2022-11-24 20:16:06 INFO turkey_bowl.leader_board -

### YEAGER stats ###
              Position               Player Team  ACTUAL_pts  PROJ_pts
0                   QB           Jared Goff  DET       17.60     15.44
1                 RB_1  Rhamondre Stevenson   NE        1.70     16.65
2                 RB_2     Devin Singletary  BUF        9.00     14.55
3                 WR_1     Justin Jefferson  MIN       14.44     16.71
4                 WR_2    Amon-Ra St. Brown  DET       27.90     15.52
5                   TE          Jonnu Smith   NE         NaN      4.91
6      Flex (RB/WR/TE)       Darius Slayton  NYG        9.30     11.39
7                    K          Brett Maher  DAL        4.00      7.54
8  Defense (Team Name)    Minnesota Vikings  MIN        4.00      6.60
9     Bench (RB/WR/TE)        Kalif Raymond  DET        7.50      7.85

2022-11-24 20:16:06 INFO turkey_bowl.leader_board -

### CINDY stats ###
              Position           Player Team  ACTUAL_pts  PROJ_pts
0                   QB       Josh Allen  BUF       29.92     25.59
1                 RB_1  Jamaal Williams  DET       10.60     11.31
2                 RB_2  Ezekiel Elliott  DAL       16.50      5.98
3                 WR_1       Gabe Davis  BUF        7.80     12.72
4                 WR_2    Jakobi Meyers   NE        3.60     13.88
5                   TE     Hunter Henry   NE        1.40      6.58
6      Flex (RB/WR/TE)       Noah Brown  DAL         NaN      7.08
7                    K       Tyler Bass  BUF        8.00      6.00
8  Defense (Team Name)  New York Giants  NYG        3.00      5.76
9     Bench (RB/WR/TE)   Justin Jackson  DET        2.90      3.98

2022-11-24 20:16:06 INFO turkey_bowl.leader_board -

### LOGAN stats ###
              Position          Player Team  ACTUAL_pts  PROJ_pts
0                   QB    Kirk Cousins  MIN        6.64     15.91
1                 RB_1     Dalvin Cook  MIN        4.00     14.16
2                 RB_2   D'Andre Swift  DET       10.30      8.98
3                 WR_1  Michael Gallup  DAL       11.30      9.53
4                 WR_2  DeVante Parker   NE         NaN      5.89
5                   TE  Dalton Schultz  DAL       19.10      9.62
6      Flex (RB/WR/TE)  Kenny Golladay  NYG         NaN      5.55
7                    K       Nick Folk   NE        4.00      5.83
8  Defense (Team Name)   Buffalo Bills  BUF        8.00      6.64
9     Bench (RB/WR/TE)    Nyheim Hines  BUF        0.30      3.80

2022-11-24 20:16:06 INFO turkey_bowl.leader_board -

### DODD stats ###
              Position           Player Team  ACTUAL_pts  PROJ_pts
0                   QB     Dak Prescott  DAL       14.84     19.61
1                 RB_1     Tony Pollard  DAL        8.10     17.10
2                 RB_2       James Cook  BUF        3.80      6.84
3                 WR_1      CeeDee Lamb  DAL       17.70     16.55
4                 WR_2  Isaiah McKenzie  BUF       22.30      8.15
5                   TE   T.J. Hockenson  MIN        4.10     11.49
6      Flex (RB/WR/TE)      K.J. Osborn  MIN        0.00      6.00
7                    K      Graham Gano  NYG       10.00      6.01
8  Defense (Team Name)   Dallas Cowboys  DAL        4.00      7.36
9     Bench (RB/WR/TE)      Matt Breida  NYG        2.50      3.92

2022-11-24 20:16:06 INFO turkey_bowl.leader_board -

### BECCA stats ###
              Position                Player Team  ACTUAL_pts  PROJ_pts
0                   QB          Daniel Jones  NYG       14.52     16.08
1                 RB_1        Saquon Barkley  NYG       15.20     16.07
2                 RB_2         Damien Harris   NE        1.40      9.22
3                 WR_1          Stefon Diggs  BUF       21.70     19.90
4                 WR_2          Adam Thielen  MIN        9.00      9.84
5                   TE           Dawson Knox  BUF        3.70      8.92
6      Flex (RB/WR/TE)            D.J. Chark  DET        9.60      8.03
7                    K           Greg Joseph  MIN        4.00      6.93
8  Defense (Team Name)  New England Patriots   NE        6.00      6.68
9     Bench (RB/WR/TE)       Kendrick Bourne   NE       -0.70      3.27

2022-11-24 20:16:06 INFO turkey_bowl.leader_board - Yeager winning with 87.94 pts
          PTS  margin  pts_back
Yeager  87.94    2.82      0.00
Becca   85.12    0.28      2.82
Dodd    84.84    4.02      3.10
Cindy   80.82   17.48      7.12
Logan   63.34     NaN     24.60

2022-11-24 20:16:06 INFO turkey_bowl.leader_board - Saving LeaderBoard to /Users/logan/Desktop/repos/turkey-bowl/archive/2022/2022_leader_board.xlsx...
2022-11-24 21:00:15 INFO turkey_bowl.cli -

-------------------- Scraping Player Actual Points ---------------------

2022-11-24 21:00:15 INFO turkey_bowl.scrape - Collecting actual player points...
2022-11-24 21:00:15 INFO turkey_bowl.scrape - Successful API response obtained for: https://api.fantasy.nfl.com/v2/players/weekstats?season=2022&week=12
2022-11-24 21:00:15 INFO turkey_bowl.aggregate - All player ids in pulled player points exist in player_ids.json
2022-11-24 21:00:15 INFO turkey_bowl.aggregate - Writing robust player points summary to /Users/logan/Desktop/repos/turkey-bowl/archive/2022/2022_12_robust_participant_player_pts.xlsx...
2022-11-24 21:00:16 INFO turkey_bowl.leader_board -

### YEAGER stats ###
              Position               Player Team  ACTUAL_pts  PROJ_pts
0                   QB           Jared Goff  DET       17.60     15.44
1                 RB_1  Rhamondre Stevenson   NE        6.00     16.65
2                 RB_2     Devin Singletary  BUF        9.00     14.55
3                 WR_1     Justin Jefferson  MIN       21.84     16.71
4                 WR_2    Amon-Ra St. Brown  DET       27.90     15.52
5                   TE          Jonnu Smith   NE         NaN      4.91
6      Flex (RB/WR/TE)       Darius Slayton  NYG        9.30     11.39
7                    K          Brett Maher  DAL        4.00      7.54
8  Defense (Team Name)    Minnesota Vikings  MIN        2.00      6.60
9     Bench (RB/WR/TE)        Kalif Raymond  DET        7.50      7.85

2022-11-24 21:00:16 INFO turkey_bowl.leader_board -

### CINDY stats ###
              Position           Player Team  ACTUAL_pts  PROJ_pts
0                   QB       Josh Allen  BUF       29.92     25.59
1                 RB_1  Jamaal Williams  DET       10.60     11.31
2                 RB_2  Ezekiel Elliott  DAL       16.50      5.98
3                 WR_1       Gabe Davis  BUF        7.80     12.72
4                 WR_2    Jakobi Meyers   NE        3.60     13.88
5                   TE     Hunter Henry   NE        4.60      6.58
6      Flex (RB/WR/TE)       Noah Brown  DAL         NaN      7.08
7                    K       Tyler Bass  BUF        8.00      6.00
8  Defense (Team Name)  New York Giants  NYG        3.00      5.76
9     Bench (RB/WR/TE)   Justin Jackson  DET        2.90      3.98

2022-11-24 21:00:16 INFO turkey_bowl.leader_board -

### LOGAN stats ###
              Position          Player Team  ACTUAL_pts  PROJ_pts
0                   QB    Kirk Cousins  MIN       13.14     15.91
1                 RB_1     Dalvin Cook  MIN        4.50     14.16
2                 RB_2   D'Andre Swift  DET       10.30      8.98
3                 WR_1  Michael Gallup  DAL       11.30      9.53
4                 WR_2  DeVante Parker   NE        5.00      5.89
5                   TE  Dalton Schultz  DAL       19.10      9.62
6      Flex (RB/WR/TE)  Kenny Golladay  NYG         NaN      5.55
7                    K       Nick Folk   NE       10.00      5.83
8  Defense (Team Name)   Buffalo Bills  BUF        8.00      6.64
9     Bench (RB/WR/TE)    Nyheim Hines  BUF        0.30      3.80

2022-11-24 21:00:16 INFO turkey_bowl.leader_board -

### DODD stats ###
              Position           Player Team  ACTUAL_pts  PROJ_pts
0                   QB     Dak Prescott  DAL       14.84     19.61
1                 RB_1     Tony Pollard  DAL        8.10     17.10
2                 RB_2       James Cook  BUF        3.80      6.84
3                 WR_1      CeeDee Lamb  DAL       17.70     16.55
4                 WR_2  Isaiah McKenzie  BUF       22.30      8.15
5                   TE   T.J. Hockenson  MIN       13.20     11.49
6      Flex (RB/WR/TE)      K.J. Osborn  MIN        0.00      6.00
7                    K      Graham Gano  NYG       10.00      6.01
8  Defense (Team Name)   Dallas Cowboys  DAL        4.00      7.36
9     Bench (RB/WR/TE)      Matt Breida  NYG        2.50      3.92

2022-11-24 21:00:16 INFO turkey_bowl.leader_board -

### BECCA stats ###
              Position                Player Team  ACTUAL_pts  PROJ_pts
0                   QB          Daniel Jones  NYG       14.52     16.08
1                 RB_1        Saquon Barkley  NYG       15.20     16.07
2                 RB_2         Damien Harris   NE        1.40      9.22
3                 WR_1          Stefon Diggs  BUF       21.70     19.90
4                 WR_2          Adam Thielen  MIN        9.00      9.84
5                   TE           Dawson Knox  BUF        3.70      8.92
6      Flex (RB/WR/TE)            D.J. Chark  DET        9.60      8.03
7                    K           Greg Joseph  MIN        4.00      6.93
8  Defense (Team Name)  New England Patriots   NE        3.00      6.68
9     Bench (RB/WR/TE)       Kendrick Bourne   NE        0.80      3.27

2022-11-24 21:00:16 INFO turkey_bowl.leader_board - Yeager winning with 97.64 pts
          PTS  margin  pts_back
Yeager  97.64    3.70      0.00
Dodd    93.94    9.92      3.70
Cindy   84.02    1.90     13.62
Becca   82.12    0.78     15.52
Logan   81.34     NaN     16.30

2022-11-24 21:00:16 INFO turkey_bowl.leader_board - Saving LeaderBoard to /Users/logan/Desktop/repos/turkey-bowl/archive/2022/2022_leader_board.xlsx...
2022-11-24 21:37:31 INFO turkey_bowl.cli -

-------------------- Scraping Player Actual Points ---------------------

2022-11-24 21:37:31 INFO turkey_bowl.scrape - Collecting actual player points...
2022-11-24 21:37:31 INFO turkey_bowl.scrape - Successful API response obtained for: https://api.fantasy.nfl.com/v2/players/weekstats?season=2022&week=12
2022-11-24 21:37:32 INFO turkey_bowl.aggregate - All player ids in pulled player points exist in player_ids.json
2022-11-24 21:37:32 INFO turkey_bowl.aggregate - Writing robust player points summary to /Users/logan/Desktop/repos/turkey-bowl/archive/2022/2022_12_robust_participant_player_pts.xlsx...
2022-11-24 21:37:32 INFO turkey_bowl.leader_board -

### YEAGER stats ###
              Position               Player Team  ACTUAL_pts  PROJ_pts
0                   QB           Jared Goff  DET       17.60     15.44
1                 RB_1  Rhamondre Stevenson   NE       11.00     16.65
2                 RB_2     Devin Singletary  BUF        9.00     14.55
3                 WR_1     Justin Jefferson  MIN       24.74     16.71
4                 WR_2    Amon-Ra St. Brown  DET       27.90     15.52
5                   TE          Jonnu Smith   NE         NaN      4.91
6      Flex (RB/WR/TE)       Darius Slayton  NYG        9.30     11.39
7                    K          Brett Maher  DAL        4.00      7.54
8  Defense (Team Name)    Minnesota Vikings  MIN        7.00      6.60
9     Bench (RB/WR/TE)        Kalif Raymond  DET        7.50      7.85

2022-11-24 21:37:32 INFO turkey_bowl.leader_board -

### CINDY stats ###
              Position           Player Team  ACTUAL_pts  PROJ_pts
0                   QB       Josh Allen  BUF       29.92     25.59
1                 RB_1  Jamaal Williams  DET       10.60     11.31
2                 RB_2  Ezekiel Elliott  DAL       16.50      5.98
3                 WR_1       Gabe Davis  BUF        7.80     12.72
4                 WR_2    Jakobi Meyers   NE        5.90     13.88
5                   TE     Hunter Henry   NE       15.30      6.58
6      Flex (RB/WR/TE)       Noah Brown  DAL         NaN      7.08
7                    K       Tyler Bass  BUF        8.00      6.00
8  Defense (Team Name)  New York Giants  NYG        3.00      5.76
9     Bench (RB/WR/TE)   Justin Jackson  DET        2.90      3.98

2022-11-24 21:37:32 INFO turkey_bowl.leader_board -

### LOGAN stats ###
              Position          Player Team  ACTUAL_pts  PROJ_pts
0                   QB    Kirk Cousins  MIN       15.02     15.91
1                 RB_1     Dalvin Cook  MIN        6.50     14.16
2                 RB_2   D'Andre Swift  DET       10.30      8.98
3                 WR_1  Michael Gallup  DAL       11.30      9.53
4                 WR_2  DeVante Parker   NE       12.00      5.89
5                   TE  Dalton Schultz  DAL       19.10      9.62
6      Flex (RB/WR/TE)  Kenny Golladay  NYG         NaN      5.55
7                    K       Nick Folk   NE       14.00      5.83
8  Defense (Team Name)   Buffalo Bills  BUF        8.00      6.64
9     Bench (RB/WR/TE)    Nyheim Hines  BUF        0.30      3.80

2022-11-24 21:37:32 INFO turkey_bowl.leader_board -

### DODD stats ###
              Position           Player Team  ACTUAL_pts  PROJ_pts
0                   QB     Dak Prescott  DAL       14.84     19.61
1                 RB_1     Tony Pollard  DAL        8.10     17.10
2                 RB_2       James Cook  BUF        3.80      6.84
3                 WR_1      CeeDee Lamb  DAL       17.70     16.55
4                 WR_2  Isaiah McKenzie  BUF       22.30      8.15
5                   TE   T.J. Hockenson  MIN       13.20     11.49
6      Flex (RB/WR/TE)      K.J. Osborn  MIN        0.00      6.00
7                    K      Graham Gano  NYG       10.00      6.01
8  Defense (Team Name)   Dallas Cowboys  DAL        4.00      7.36
9     Bench (RB/WR/TE)      Matt Breida  NYG        2.50      3.92

2022-11-24 21:37:32 INFO turkey_bowl.leader_board -

### BECCA stats ###
              Position                Player Team  ACTUAL_pts  PROJ_pts
0                   QB          Daniel Jones  NYG       14.52     16.08
1                 RB_1        Saquon Barkley  NYG       15.20     16.07
2                 RB_2         Damien Harris   NE        1.60      9.22
3                 WR_1          Stefon Diggs  BUF       21.70     19.90
4                 WR_2          Adam Thielen  MIN       12.00      9.84
5                   TE           Dawson Knox  BUF        3.70      8.92
6      Flex (RB/WR/TE)            D.J. Chark  DET        9.60      8.03
7                    K           Greg Joseph  MIN        5.00      6.93
8  Defense (Team Name)  New England Patriots   NE        2.00      6.68
9     Bench (RB/WR/TE)       Kendrick Bourne   NE        0.80      3.27

2022-11-24 21:37:32 INFO turkey_bowl.leader_board - Yeager winning with 110.54 pts
           PTS  margin  pts_back
Yeager  110.54   13.52      0.00
Cindy    97.02    0.80     13.52
Logan    96.22    2.28     14.32
Dodd     93.94    8.62     16.60
Becca    85.32     NaN     25.22

2022-11-24 21:37:32 INFO turkey_bowl.leader_board - Saving LeaderBoard to /Users/logan/Desktop/repos/turkey-bowl/archive/2022/2022_leader_board.xlsx...
2022-11-24 22:00:40 INFO turkey_bowl.cli -

-------------------- Scraping Player Actual Points ---------------------

2022-11-24 22:00:41 INFO turkey_bowl.scrape - Collecting actual player points...
2022-11-24 22:00:41 INFO turkey_bowl.scrape - Successful API response obtained for: https://api.fantasy.nfl.com/v2/players/weekstats?season=2022&week=12
2022-11-24 22:00:41 INFO turkey_bowl.aggregate - All player ids in pulled player points exist in player_ids.json
2022-11-24 22:00:41 INFO turkey_bowl.aggregate - Writing robust player points summary to /Users/logan/Desktop/repos/turkey-bowl/archive/2022/2022_12_robust_participant_player_pts.xlsx...
2022-11-24 22:00:41 INFO turkey_bowl.leader_board -

### YEAGER stats ###
              Position               Player Team  ACTUAL_pts  PROJ_pts
0                   QB           Jared Goff  DET       17.60     15.44
1                 RB_1  Rhamondre Stevenson   NE       12.10     16.65
2                 RB_2     Devin Singletary  BUF        9.00     14.55
3                 WR_1     Justin Jefferson  MIN       29.34     16.71
4                 WR_2    Amon-Ra St. Brown  DET       27.90     15.52
5                   TE          Jonnu Smith   NE         NaN      4.91
6      Flex (RB/WR/TE)       Darius Slayton  NYG        9.30     11.39
7                    K          Brett Maher  DAL        4.00      7.54
8  Defense (Team Name)    Minnesota Vikings  MIN        7.00      6.60
9     Bench (RB/WR/TE)        Kalif Raymond  DET        7.50      7.85

2022-11-24 22:00:41 INFO turkey_bowl.leader_board -

### CINDY stats ###
              Position           Player Team  ACTUAL_pts  PROJ_pts
0                   QB       Josh Allen  BUF       29.92     25.59
1                 RB_1  Jamaal Williams  DET       10.60     11.31
2                 RB_2  Ezekiel Elliott  DAL       16.50      5.98
3                 WR_1       Gabe Davis  BUF        7.80     12.72
4                 WR_2    Jakobi Meyers   NE        5.90     13.88
5                   TE     Hunter Henry   NE       15.30      6.58
6      Flex (RB/WR/TE)       Noah Brown  DAL         NaN      7.08
7                    K       Tyler Bass  BUF        8.00      6.00
8  Defense (Team Name)  New York Giants  NYG        3.00      5.76
9     Bench (RB/WR/TE)   Justin Jackson  DET        2.90      3.98

2022-11-24 22:00:41 INFO turkey_bowl.leader_board -

### LOGAN stats ###
              Position          Player Team  ACTUAL_pts  PROJ_pts
0                   QB    Kirk Cousins  MIN        21.7     15.91
1                 RB_1     Dalvin Cook  MIN         9.4     14.16
2                 RB_2   D'Andre Swift  DET        10.3      8.98
3                 WR_1  Michael Gallup  DAL        11.3      9.53
4                 WR_2  DeVante Parker   NE        12.0      5.89
5                   TE  Dalton Schultz  DAL        19.1      9.62
6      Flex (RB/WR/TE)  Kenny Golladay  NYG         NaN      5.55
7                    K       Nick Folk   NE        14.0      5.83
8  Defense (Team Name)   Buffalo Bills  BUF         8.0      6.64
9     Bench (RB/WR/TE)    Nyheim Hines  BUF         0.3      3.80

2022-11-24 22:00:41 INFO turkey_bowl.leader_board -

### DODD stats ###
              Position           Player Team  ACTUAL_pts  PROJ_pts
0                   QB     Dak Prescott  DAL       14.84     19.61
1                 RB_1     Tony Pollard  DAL        8.10     17.10
2                 RB_2       James Cook  BUF        3.80      6.84
3                 WR_1      CeeDee Lamb  DAL       17.70     16.55
4                 WR_2  Isaiah McKenzie  BUF       22.30      8.15
5                   TE   T.J. Hockenson  MIN       15.30     11.49
6      Flex (RB/WR/TE)      K.J. Osborn  MIN        0.00      6.00
7                    K      Graham Gano  NYG       10.00      6.01
8  Defense (Team Name)   Dallas Cowboys  DAL        4.00      7.36
9     Bench (RB/WR/TE)      Matt Breida  NYG        2.50      3.92

2022-11-24 22:00:41 INFO turkey_bowl.leader_board -

### BECCA stats ###
              Position                Player Team  ACTUAL_pts  PROJ_pts
0                   QB          Daniel Jones  NYG       14.52     16.08
1                 RB_1        Saquon Barkley  NYG       15.20     16.07
2                 RB_2         Damien Harris   NE        1.60      9.22
3                 WR_1          Stefon Diggs  BUF       21.70     19.90
4                 WR_2          Adam Thielen  MIN       20.50      9.84
5                   TE           Dawson Knox  BUF        3.70      8.92
6      Flex (RB/WR/TE)            D.J. Chark  DET        9.60      8.03
7                    K           Greg Joseph  MIN        9.00      6.93
8  Defense (Team Name)  New England Patriots   NE        2.00      6.68
9     Bench (RB/WR/TE)       Kendrick Bourne   NE        0.80      3.27

2022-11-24 22:00:41 INFO turkey_bowl.leader_board - Yeager winning with 116.24 pts
           PTS  margin  pts_back
Yeager  116.24   10.44      0.00
Logan   105.80    7.98     10.44
Becca    97.82    0.80     18.42
Cindy    97.02    0.98     19.22
Dodd     96.04     NaN     20.20

2022-11-24 22:00:41 INFO turkey_bowl.leader_board - Saving LeaderBoard to /Users/logan/Desktop/repos/turkey-bowl/archive/2022/2022_leader_board.xlsx...
2022-11-24 22:24:44 INFO turkey_bowl.cli -

-------------------- Scraping Player Actual Points ---------------------

2022-11-24 22:24:44 INFO turkey_bowl.scrape - Collecting actual player points...
2022-11-24 22:24:44 INFO turkey_bowl.scrape - Successful API response obtained for: https://api.fantasy.nfl.com/v2/players/weekstats?season=2022&week=12
2022-11-24 22:24:44 INFO turkey_bowl.aggregate - All player ids in pulled player points exist in player_ids.json
2022-11-24 22:24:44 INFO turkey_bowl.aggregate - Writing robust player points summary to /Users/logan/Desktop/repos/turkey-bowl/archive/2022/2022_12_robust_participant_player_pts.xlsx...
2022-11-24 22:24:45 INFO turkey_bowl.leader_board -

### YEAGER stats ###
              Position               Player Team  ACTUAL_pts  PROJ_pts
0                   QB           Jared Goff  DET       17.60     15.44
1                 RB_1  Rhamondre Stevenson   NE       20.20     16.65
2                 RB_2     Devin Singletary  BUF        9.00     14.55
3                 WR_1     Justin Jefferson  MIN       29.34     16.71
4                 WR_2    Amon-Ra St. Brown  DET       27.90     15.52
5                   TE          Jonnu Smith   NE         NaN      4.91
6      Flex (RB/WR/TE)       Darius Slayton  NYG        9.30     11.39
7                    K          Brett Maher  DAL        4.00      7.54
8  Defense (Team Name)    Minnesota Vikings  MIN        9.00      6.60
9     Bench (RB/WR/TE)        Kalif Raymond  DET        7.50      7.85

2022-11-24 22:24:45 INFO turkey_bowl.leader_board -

### CINDY stats ###
              Position           Player Team  ACTUAL_pts  PROJ_pts
0                   QB       Josh Allen  BUF       29.92     25.59
1                 RB_1  Jamaal Williams  DET       10.60     11.31
2                 RB_2  Ezekiel Elliott  DAL       16.50      5.98
3                 WR_1       Gabe Davis  BUF        7.80     12.72
4                 WR_2    Jakobi Meyers   NE        9.20     13.88
5                   TE     Hunter Henry   NE       15.30      6.58
6      Flex (RB/WR/TE)       Noah Brown  DAL         NaN      7.08
7                    K       Tyler Bass  BUF        8.00      6.00
8  Defense (Team Name)  New York Giants  NYG        3.00      5.76
9     Bench (RB/WR/TE)   Justin Jackson  DET        2.90      3.98

2022-11-24 22:24:45 INFO turkey_bowl.leader_board -

### LOGAN stats ###
              Position          Player Team  ACTUAL_pts  PROJ_pts
0                   QB    Kirk Cousins  MIN       21.86     15.91
1                 RB_1     Dalvin Cook  MIN        9.60     14.16
2                 RB_2   D'Andre Swift  DET       10.30      8.98
3                 WR_1  Michael Gallup  DAL       11.30      9.53
4                 WR_2  DeVante Parker   NE       12.00      5.89
5                   TE  Dalton Schultz  DAL       19.10      9.62
6      Flex (RB/WR/TE)  Kenny Golladay  NYG         NaN      5.55
7                    K       Nick Folk   NE       14.00      5.83
8  Defense (Team Name)   Buffalo Bills  BUF        8.00      6.64
9     Bench (RB/WR/TE)    Nyheim Hines  BUF        0.30      3.80

2022-11-24 22:24:45 INFO turkey_bowl.leader_board -

### DODD stats ###
              Position           Player Team  ACTUAL_pts  PROJ_pts
0                   QB     Dak Prescott  DAL       14.84     19.61
1                 RB_1     Tony Pollard  DAL        8.10     17.10
2                 RB_2       James Cook  BUF        3.80      6.84
3                 WR_1      CeeDee Lamb  DAL       17.70     16.55
4                 WR_2  Isaiah McKenzie  BUF       22.30      8.15
5                   TE   T.J. Hockenson  MIN       15.30     11.49
6      Flex (RB/WR/TE)      K.J. Osborn  MIN        2.30      6.00
7                    K      Graham Gano  NYG       10.00      6.01
8  Defense (Team Name)   Dallas Cowboys  DAL        4.00      7.36
9     Bench (RB/WR/TE)      Matt Breida  NYG        2.50      3.92

2022-11-24 22:24:45 INFO turkey_bowl.leader_board -

### BECCA stats ###
              Position                Player Team  ACTUAL_pts  PROJ_pts
0                   QB          Daniel Jones  NYG       14.52     16.08
1                 RB_1        Saquon Barkley  NYG       15.20     16.07
2                 RB_2         Damien Harris   NE        1.60      9.22
3                 WR_1          Stefon Diggs  BUF       21.70     19.90
4                 WR_2          Adam Thielen  MIN       21.10      9.84
5                   TE           Dawson Knox  BUF        3.70      8.92
6      Flex (RB/WR/TE)            D.J. Chark  DET        9.60      8.03
7                    K           Greg Joseph  MIN        9.00      6.93
8  Defense (Team Name)  New England Patriots   NE        2.00      6.68
9     Bench (RB/WR/TE)       Kendrick Bourne   NE        5.90      3.27

2022-11-24 22:24:45 INFO turkey_bowl.leader_board - Yeager winning with 126.34 pts
           PTS  margin  pts_back
Yeager  126.34   20.18      0.00
Logan   106.16    5.84     20.18
Cindy   100.32    1.90     26.02
Becca    98.42    0.08     27.92
Dodd     98.34     NaN     28.00

2022-11-24 22:24:45 INFO turkey_bowl.leader_board - Saving LeaderBoard to /Users/logan/Desktop/repos/turkey-bowl/archive/2022/2022_leader_board.xlsx...
2022-11-24 22:24:54 INFO turkey_bowl.cli -

-------------------- Scraping Player Actual Points ---------------------

2022-11-24 22:24:54 INFO turkey_bowl.scrape - Collecting actual player points...
2022-11-24 22:24:54 INFO turkey_bowl.scrape - Successful API response obtained for: https://api.fantasy.nfl.com/v2/players/weekstats?season=2022&week=12
2022-11-24 22:24:54 INFO turkey_bowl.aggregate - All player ids in pulled player points exist in player_ids.json
2022-11-24 22:24:55 INFO turkey_bowl.aggregate - Writing robust player points summary to /Users/logan/Desktop/repos/turkey-bowl/archive/2022/2022_12_robust_participant_player_pts.xlsx...
2022-11-24 22:24:55 INFO turkey_bowl.leader_board -

### YEAGER stats ###
              Position               Player Team  ACTUAL_pts  PROJ_pts
0                   QB           Jared Goff  DET       17.60     15.44
1                 RB_1  Rhamondre Stevenson   NE       20.20     16.65
2                 RB_2     Devin Singletary  BUF        9.00     14.55
3                 WR_1     Justin Jefferson  MIN       29.34     16.71
4                 WR_2    Amon-Ra St. Brown  DET       27.90     15.52
5                   TE          Jonnu Smith   NE         NaN      4.91
6      Flex (RB/WR/TE)       Darius Slayton  NYG        9.30     11.39
7                    K          Brett Maher  DAL        4.00      7.54
8  Defense (Team Name)    Minnesota Vikings  MIN        9.00      6.60
9     Bench (RB/WR/TE)        Kalif Raymond  DET        7.50      7.85

2022-11-24 22:24:55 INFO turkey_bowl.leader_board -

### CINDY stats ###
              Position           Player Team  ACTUAL_pts  PROJ_pts
0                   QB       Josh Allen  BUF       29.92     25.59
1                 RB_1  Jamaal Williams  DET       10.60     11.31
2                 RB_2  Ezekiel Elliott  DAL       16.50      5.98
3                 WR_1       Gabe Davis  BUF        7.80     12.72
4                 WR_2    Jakobi Meyers   NE        9.20     13.88
5                   TE     Hunter Henry   NE       15.30      6.58
6      Flex (RB/WR/TE)       Noah Brown  DAL         NaN      7.08
7                    K       Tyler Bass  BUF        8.00      6.00
8  Defense (Team Name)  New York Giants  NYG        3.00      5.76
9     Bench (RB/WR/TE)   Justin Jackson  DET        2.90      3.98

2022-11-24 22:24:55 INFO turkey_bowl.leader_board -

### LOGAN stats ###
              Position          Player Team  ACTUAL_pts  PROJ_pts
0                   QB    Kirk Cousins  MIN       21.86     15.91
1                 RB_1     Dalvin Cook  MIN        9.60     14.16
2                 RB_2   D'Andre Swift  DET       10.30      8.98
3                 WR_1  Michael Gallup  DAL       11.30      9.53
4                 WR_2  DeVante Parker   NE       12.00      5.89
5                   TE  Dalton Schultz  DAL       19.10      9.62
6      Flex (RB/WR/TE)  Kenny Golladay  NYG         NaN      5.55
7                    K       Nick Folk   NE       14.00      5.83
8  Defense (Team Name)   Buffalo Bills  BUF        8.00      6.64
9     Bench (RB/WR/TE)    Nyheim Hines  BUF        0.30      3.80

2022-11-24 22:24:55 INFO turkey_bowl.leader_board -

### DODD stats ###
              Position           Player Team  ACTUAL_pts  PROJ_pts
0                   QB     Dak Prescott  DAL       14.84     19.61
1                 RB_1     Tony Pollard  DAL        8.10     17.10
2                 RB_2       James Cook  BUF        3.80      6.84
3                 WR_1      CeeDee Lamb  DAL       17.70     16.55
4                 WR_2  Isaiah McKenzie  BUF       22.30      8.15
5                   TE   T.J. Hockenson  MIN       15.30     11.49
6      Flex (RB/WR/TE)      K.J. Osborn  MIN        2.30      6.00
7                    K      Graham Gano  NYG       10.00      6.01
8  Defense (Team Name)   Dallas Cowboys  DAL        4.00      7.36
9     Bench (RB/WR/TE)      Matt Breida  NYG        2.50      3.92

2022-11-24 22:24:55 INFO turkey_bowl.leader_board -

### BECCA stats ###
              Position                Player Team  ACTUAL_pts  PROJ_pts
0                   QB          Daniel Jones  NYG       14.52     16.08
1                 RB_1        Saquon Barkley  NYG       15.20     16.07
2                 RB_2         Damien Harris   NE        1.60      9.22
3                 WR_1          Stefon Diggs  BUF       21.70     19.90
4                 WR_2          Adam Thielen  MIN       21.10      9.84
5                   TE           Dawson Knox  BUF        3.70      8.92
6      Flex (RB/WR/TE)            D.J. Chark  DET        9.60      8.03
7                    K           Greg Joseph  MIN        9.00      6.93
8  Defense (Team Name)  New England Patriots   NE        2.00      6.68
9     Bench (RB/WR/TE)       Kendrick Bourne   NE        5.90      3.27

2022-11-24 22:24:55 INFO turkey_bowl.leader_board - Yeager winning with 126.34 pts
           PTS  margin  pts_back
Yeager  126.34   20.18      0.00
Logan   106.16    5.84     20.18
Cindy   100.32    1.90     26.02
Becca    98.42    0.08     27.92
Dodd     98.34     NaN     28.00

2022-11-24 22:24:55 INFO turkey_bowl.leader_board - Saving LeaderBoard to /Users/logan/Desktop/repos/turkey-bowl/archive/2022/2022_leader_board.xlsx...
